{"meta": {"format": 3, "version": "7.15.4", "timestamp": "2026-08-17T17:16:36.462883", "branch_coverage": false, "show_contexts": false}, "files": {"src/app.py": {"executed_lines": [5, 6, 7, 8, 9, 10, 11, 13, 14, 15, 18, 26, 29, 30, 52, 61, 71, 72, 74, 75, 85, 86, 88, 89, 98, 99, 112, 113, 124, 128, 129], "summary": {"covered_lines": 31, "num_statements": 43, "percent_covered": 72.09302325581395, "percent_covered_display": "72", "missing_lines": 12, "excluded_lines": 0, "percent_statements_covered": 72.09302325581395, "percent_statements_covered_display": "72"}, "missing_lines": [36, 37, 38, 39, 40, 41, 42, 44, 47, 48, 104, 115], "excluded_lines": [], "functions": {"lifespan": {"executed_lines": [], "summary": {"covered_lines": 0, "num_statements": 10, "percent_covered": 0.0, "percent_covered_display": "0", "missing_lines": 10, "excluded_lines": 0, "percent_statements_covered": 0.0, "percent_statements_covered_display": "0"}, "missing_lines": [36, 37, 38, 39, 40, 41, 42, 44, 47, 48], "excluded_lines": [], "start_line": 30}, "validation_exception_handler": {"executed_lines": [74, 75], "summary": {"covered_lines": 2, "num_statements": 2, "percent_covered": 100.0, "percent_covered_display": "100", "missing_lines": 0, "excluded_lines": 0, "percent_statements_covered": 100.0, "percent_statements_covered_display": "100"}, "missing_lines": [], "excluded_lines": [], "start_line": 72}, "global_exception_handler": {"executed_lines": [88, 89], "summary": {"covered_lines": 2, "num_statements": 2, "percent_covered": 100.0, "percent_covered_display": "100", "missing_lines": 0, "excluded_lines": 0, "percent_statements_covered": 100.0, "percent_statements_covered_display": "100"}, "missing_lines": [], "excluded_lines": [], "start_line": 86}, "health_check": {"executed_lines": [], "summary": {"covered_lines": 0, "num_statements": 1, "percent_covered": 0.0, "percent_covered_display": "0", "missing_lines": 1, "excluded_lines": 0, "percent_statements_covered": 0.0, "percent_statements_covered_display": "0"}, "missing_lines": [104], "excluded_lines": [], "start_line": 99}, "root": {"executed_lines": [], "summary": {"covered_lines": 0, "num_statements": 1, "percent_covered": 0.0, "percent_covered_display": "0", "missing_lines": 1, "excluded_lines": 0, "percent_statements_covered": 0.0, "percent_statements_covered_display": "0"}, "missing_lines": [115], "excluded_lines": [], "start_line": 113}, "": {"executed_lines": [5, 6, 7, 8, 9, 10, 11, 13, 14, 15, 18, 26, 29, 30, 52, 61, 71, 72, 85, 86, 98, 99, 112, 113, 124, 128, 129], "summary": {"covered_lines": 27, "num_statements": 27, "percent_covered": 100.0, "percent_covered_display": "100", "missing_lines": 0, "excluded_lines": 0, "percent_statements_covered": 100.0, "percent_statements_covered_display": "100"}, "missing_lines": [], "excluded_lines": [], "start_line": 1}}, "classes": {"": {"executed_lines": [5, 6, 7, 8, 9, 10, 11, 13, 14, 15, 18, 26, 29, 30, 52, 61, 71, 72, 74, 75, 85, 86, 88, 89, 98, 99, 112, 113, 124, 128, 129], "summary": {"covered_lines": 31, "num_statements": 43, "percent_covered": 72.09302325581395, "percent_covered_display": "72", "missing_lines": 12, "excluded_lines": 0, "percent_statements_covered": 72.09302325581395, "percent_statements_covered_display": "72"}, "missing_lines": [36, 37, 38, 39, 40, 41, 42, 44, 47, 48, 104, 115], "excluded_lines": [], "start_line": 1}}}, "src/config.py": {"executed_lines": [5, 6, 7, 8, 11, 15, 21, 26, 30, 34, 40, 43, 44, 45, 48, 49, 50, 53, 54, 55, 58, 59, 60, 63, 64, 66, 67, 68, 70, 71, 73, 79, 80, 82, 83, 84, 88], "summary": {"covered_lines": 37, "num_statements": 37, "percent_covered": 100.0, "percent_covered_display": "100", "missing_lines": 0, "excluded_lines": 0, "percent_statements_covered": 100.0, "percent_statements_covered_display": "100"}, "missing_lines": [], "excluded_lines": [], "functions": {"Settings.CORS_ORIGINS": {"executed_lines": [73], "summary": {"covered_lines": 1, "num_statements": 1, "percent_covered": 100.0, "percent_covered_display": "100", "missing_lines": 0, "excluded_lines": 0, "percent_statements_covered": 100.0, "percent_statements_covered_display": "100"}, "missing_lines": [], "excluded_lines": [], "start_line": 71}, "Settings.uploads_path": {"executed_lines": [82, 83, 84], "summary": {"covered_lines": 3, "num_statements": 3, "percent_covered": 100.0, "percent_covered_display": "100", "missing_lines": 0, "excluded_lines": 0, "percent_statements_covered": 100.0, "percent_statements_covered_display": "100"}, "missing_lines": [], "excluded_lines": [], "start_line": 80}, "": {"executed_lines": [5, 6, 7, 8, 11, 15, 21, 26, 30, 34, 40, 43, 44, 45, 48, 49, 50, 53, 54, 55, 58, 59, 60, 63, 64, 66, 67, 68, 70, 71, 79, 80, 88], "summary": {"covered_lines": 33, "num_statements": 33, "percent_covered": 100.0, "percent_covered_display": "100", "missing_lines": 0, "excluded_lines": 0, "percent_statements_covered": 100.0, "percent_statements_covered_display": "100"}, "missing_lines": [], "excluded_lines": [], "start_line": 1}}, "classes": {"Settings": {"executed_lines": [73, 82, 83, 84], "summary": {"covered_lines": 4, "num_statements": 4, "percent_covered": 100.0, "percent_covered_display": "100", "missing_lines": 0, "excluded_lines": 0, "percent_statements_covered": 100.0, "percent_statements_covered_display": "100"}, "missing_lines": [], "excluded_lines": [], "start_line": 11}, "Settings.Config": {"executed_lines": [], "summary": {"covered_lines": 0, "num_statements": 0, "percent_covered": 100.0, "percent_covered_display": "100", "missing_lines": 0, "excluded_lines": 0, "percent_statements_covered": 100.0, "percent_statements_covered_display": "100"}, "missing_lines": [], "excluded_lines": [], "start_line": 66}, "": {"executed_lines": [5, 6, 7, 8, 11, 15, 21, 26, 30, 34, 40, 43, 44, 45, 48, 49, 50, 53, 54, 55, 58, 59, 60, 63, 64, 66, 67, 68, 70, 71, 79, 80, 88], "summary": {"covered_lines": 33, "num_statements": 33, "percent_covered": 100.0, "percent_covered_display": "100", "missing_lines": 0, "excluded_lines": 0, "percent_statements_covered": 100.0, "percent_statements_covered_display": "100"}, "missing_lines": [], "excluded_lines": [], "start_line": 1}}}, "src/database.py": {"executed_lines": [5, 6, 7, 8, 10, 13, 23, 32, 35, 52, 59], "summary": {"covered_lines": 11, "num_statements": 25, "percent_covered": 44.0, "percent_covered_display": "44", "missing_lines": 14, "excluded_lines": 0, "percent_statements_covered": 44.0, "percent_statements_covered_display": "44"}, "missing_lines": [40, 41, 42, 43, 44, 45, 46, 47, 49, 54, 55, 56, 61, 62], "excluded_lines": [], "functions": {"get_db": {"executed_lines": [], "summary": {"covered_lines": 0, "num_statements": 9, "percent_covered": 0.0, "percent_covered_display": "0", "missing_lines": 9, "excluded_lines": 0, "percent_statements_covered": 0.0, "percent_statements_covered_display": "0"}, "missing_lines": [40, 41, 42, 43, 44, 45, 46, 47, 49], "excluded_lines": [], "start_line": 35}, "init_db": {"executed_lines": [], "summary": {"covered_lines": 0, "num_statements": 3, "percent_covered": 0.0, "percent_covered_display": "0", "missing_lines": 3, "excluded_lines": 0, "percent_statements_covered": 0.0, "percent_statements_covered_display": "0"}, "missing_lines": [54, 55, 56], "excluded_lines": [], "start_line": 52}, "close_db": {"executed_lines": [], "summary": {"covered_lines": 0, "num_statements": 2, "percent_covered": 0.0, "percent_covered_display": "0", "missing_lines": 2, "excluded_lines": 0, "percent_statements_covered": 0.0, "percent_statements_covered_display": "0"}, "missing_lines": [61, 62], "excluded_lines": [], "start_line": 59}, "": {"executed_lines": [5, 6, 7, 8, 10, 13, 23, 32, 35, 52, 59], "summary": {"covered_lines": 11, "num_statements": 11, "percent_covered": 100.0, "percent_covered_display": "100", "missing_lines": 0, "excluded_lines": 0, "percent_statements_covered": 100.0, "percent_statements_covered_display": "100"}, "missing_lines": [], "excluded_lines": [], "start_line": 1}}, "classes": {"": {"executed_lines": [5, 6, 7, 8, 10, 13, 23, 32, 35, 52, 59], "summary": {"covered_lines": 11, "num_statements": 25, "percent_covered": 44.0, "percent_covered_display": "44", "missing_lines": 14, "excluded_lines": 0, "percent_statements_covered": 44.0, "percent_statements_covered_display": "44"}, "missing_lines": [40, 41, 42, 43, 44, 45, 46, 47, 49, 54, 55, 56, 61, 62], "excluded_lines": [], "start_line": 1}}}, "src/dependencies.py": {"executed_lines": [], "summary": {"covered_lines": 0, "num_statements": 10, "percent_covered": 0.0, "percent_covered_display": "0", "missing_lines": 10, "excluded_lines": 0, "percent_statements_covered": 0.0, "percent_statements_covered_display": "0"}, "missing_lines": [5, 6, 7, 8, 9, 10, 17, 29, 36, 53], "excluded_lines": [], "functions": {"get_user_repository": {"executed_lines": [], "summary": {"covered_lines": 0, "num_statements": 1, "percent_covered": 0.0, "percent_covered_display": "0", "missing_lines": 1, "excluded_lines": 0, "percent_statements_covered": 0.0, "percent_statements_covered_display": "0"}, "missing_lines": [29], "excluded_lines": [], "start_line": 17}, "get_current_user_dependency": {"executed_lines": [], "summary": {"covered_lines": 0, "num_statements": 1, "percent_covered": 0.0, "percent_covered_display": "0", "missing_lines": 1, "excluded_lines": 0, "percent_statements_covered": 0.0, "percent_statements_covered_display": "0"}, "missing_lines": [53], "excluded_lines": [], "start_line": 36}, "": {"executed_lines": [], "summary": {"covered_lines": 0, "num_statements": 8, "percent_covered": 0.0, "percent_covered_display": "0", "missing_lines": 8, "excluded_lines": 0, "percent_statements_covered": 0.0, "percent_statements_covered_display": "0"}, "missing_lines": [5, 6, 7, 8, 9, 10, 17, 36], "excluded_lines": [], "start_line": 1}}, "classes": {"": {"executed_lines": [], "summary": {"covered_lines": 0, "num_statements": 10, "percent_covered": 0.0, "percent_covered_display": "0", "missing_lines": 10, "excluded_lines": 0, "percent_statements_covered": 0.0, "percent_statements_covered_display": "0"}, "missing_lines": [5, 6, 7, 8, 9, 10, 17, 29, 36, 53], "excluded_lines": [], "start_line": 1}}}, "src/middleware/__init__.py": {"executed_lines": [], "summary": {"covered_lines": 0, "num_statements": 0, "percent_covered": 100.0, "percent_covered_display": "100", "missing_lines": 0, "excluded_lines": 0, "percent_statements_covered": 100.0, "percent_statements_covered_display": "100"}, "missing_lines": [], "excluded_lines": [], "functions": {"": {"executed_lines": [], "summary": {"covered_lines": 0, "num_statements": 0, "percent_covered": 100.0, "percent_covered_display": "100", "missing_lines": 0, "excluded_lines": 0, "percent_statements_covered": 100.0, "percent_statements_covered_display": "100"}, "missing_lines": [], "excluded_lines": [], "start_line": 1}}, "classes": {"": {"executed_lines": [], "summary": {"covered_lines": 0, "num_statements": 0, "percent_covered": 100.0, "percent_covered_display": "100", "missing_lines": 0, "excluded_lines": 0, "percent_statements_covered": 100.0, "percent_statements_covered_display": "100"}, "missing_lines": [], "excluded_lines": [], "start_line": 1}}}, "src/middleware/auth.py": {"executed_lines": [4, 5, 6, 7, 8, 9, 10, 11, 12, 14, 17, 20, 37, 40, 41, 42, 43, 50, 51, 52, 58, 59, 60, 61, 68, 71, 73, 74, 83, 98, 99, 101, 102, 103, 104], "summary": {"covered_lines": 35, "num_statements": 36, "percent_covered": 97.22222222222223, "percent_covered_display": "97", "missing_lines": 1, "excluded_lines": 0, "percent_statements_covered": 97.22222222222223, "percent_statements_covered_display": "97"}, "missing_lines": [80], "excluded_lines": [], "functions": {"get_current_user": {"executed_lines": [37, 40, 41, 42, 43, 50, 51, 52, 58, 59, 60, 61, 68, 71, 73, 74], "summary": {"covered_lines": 16, "num_statements": 17, "percent_covered": 94.11764705882354, "percent_covered_display": "94", "missing_lines": 1, "excluded_lines": 0, "percent_statements_covered": 94.11764705882354, "percent_statements_covered_display": "94"}, "missing_lines": [80], "excluded_lines": [], "start_line": 20}, "get_optional_current_user": {"executed_lines": [98, 99, 101, 102, 103, 104], "summary": {"covered_lines": 6, "num_statements": 6, "percent_covered": 100.0, "percent_covered_display": "100", "missing_lines": 0, "excluded_lines": 0, "percent_statements_covered": 100.0, "percent_statements_covered_display": "100"}, "missing_lines": [], "excluded_lines": [], "start_line": 83}, "": {"executed_lines": [4, 5, 6, 7, 8, 9, 10, 11, 12, 14, 17, 20, 83], "summary": {"covered_lines": 13, "num_statements": 13, "percent_covered": 100.0, "percent_covered_display": "100", "missing_lines": 0, "excluded_lines": 0, "percent_statements_covered": 100.0, "percent_statements_covered_display": "100"}, "missing_lines": [], "excluded_lines": [], "start_line": 1}}, "classes": {"": {"executed_lines": [4, 5, 6, 7, 8, 9, 10, 11, 12, 14, 17, 20, 37, 40, 41, 42, 43, 50, 51, 52, 58, 59, 60, 61, 68, 71, 73, 74, 83, 98, 99, 101, 102, 103, 104], "summary": {"covered_lines": 35, "num_statements": 36, "percent_covered": 97.22222222222223, "percent_covered_display": "97", "missing_lines": 1, "excluded_lines": 0, "percent_statements_covered": 97.22222222222223, "percent_statements_covered_display": "97"}, "missing_lines": [80], "excluded_lines": [], "start_line": 1}}}, "src/models/__init__.py": {"executed_lines": [6, 9, 12, 15, 18, 19, 20, 23, 26, 29, 32, 33, 34, 35, 37], "summary": {"covered_lines": 15, "num_statements": 15, "percent_covered": 100.0, "percent_covered_display": "100", "missing_lines": 0, "excluded_lines": 0, "percent_statements_covered": 100.0, "percent_statements_covered_display": "100"}, "missing_lines": [], "excluded_lines": [], "functions": {"": {"executed_lines": [6, 9, 12, 15, 18, 19, 20, 23, 26, 29, 32, 33, 34, 35, 37], "summary": {"covered_lines": 15, "num_statements": 15, "percent_covered": 100.0, "percent_covered_display": "100", "missing_lines": 0, "excluded_lines": 0, "percent_statements_covered": 100.0, "percent_statements_covered_display": "100"}, "missing_lines": [], "excluded_lines": [], "start_line": 1}}, "classes": {"": {"executed_lines": [6, 9, 12, 15, 18, 19, 20, 23, 26, 29, 32, 33, 34, 35, 37], "summary": {"covered_lines": 15, "num_statements": 15, "percent_covered": 100.0, "percent_covered_display": "100", "missing_lines": 0, "excluded_lines": 0, "percent_statements_covered": 100.0, "percent_statements_covered_display": "100"}, "missing_lines": [], "excluded_lines": [], "start_line": 1}}}, "src/models/audit_log.py": {"executed_lines": [4, 5, 6, 7, 8, 11, 13, 14, 15, 16, 17, 18, 19, 20, 21, 22, 23, 24, 27, 38, 41, 44, 47, 48, 49, 50, 53, 54, 55, 58, 59, 60, 61, 64, 65, 68, 71, 72, 73, 76, 79, 81], "summary": {"covered_lines": 42, "num_statements": 43, "percent_covered": 97.67441860465117, "percent_covered_display": "98", "missing_lines": 1, "excluded_lines": 0, "percent_statements_covered": 97.67441860465117, "percent_statements_covered_display": "98"}, "missing_lines": [82], "excluded_lines": [], "functions": {"AuditLog.__repr__": {"executed_lines": [], "summary": {"covered_lines": 0, "num_statements": 1, "percent_covered": 0.0, "percent_covered_display": "0", "missing_lines": 1, "excluded_lines": 0, "percent_statements_covered": 0.0, "percent_statements_covered_display": "0"}, "missing_lines": [82], "excluded_lines": [], "start_line": 81}, "": {"executed_lines": [4, 5, 6, 7, 8, 11, 13, 14, 15, 16, 17, 18, 19, 20, 21, 22, 23, 24, 27, 38, 41, 44, 47, 48, 49, 50, 53, 54, 55, 58, 59, 60, 61, 64, 65, 68, 71, 72, 73, 76, 79, 81], "summary": {"covered_lines": 42, "num_statements": 42, "percent_covered": 100.0, "percent_covered_display": "100", "missing_lines": 0, "excluded_lines": 0, "percent_statements_covered": 100.0, "percent_statements_covered_display": "100"}, "missing_lines": [], "excluded_lines": [], "start_line": 1}}, "classes": {"AuditAction": {"executed_lines": [], "summary": {"covered_lines": 0, "num_statements": 0, "percent_covered": 100.0, "percent_covered_display": "100", "missing_lines": 0, "excluded_lines": 0, "percent_statements_covered": 100.0, "percent_statements_covered_display": "100"}, "missing_lines": [], "excluded_lines": [], "start_line": 11}, "AuditLog": {"executed_lines": [], "summary": {"covered_lines": 0, "num_statements": 1, "percent_covered": 0.0, "percent_covered_display": "0", "missing_lines": 1, "excluded_lines": 0, "percent_statements_covered": 0.0, "percent_statements_covered_display": "0"}, "missing_lines": [82], "excluded_lines": [], "start_line": 27}, "": {"executed_lines": [4, 5, 6, 7, 8, 11, 13, 14, 15, 16, 17, 18, 19, 20, 21, 22, 23, 24, 27, 38, 41, 44, 47, 48, 49, 50, 53, 54, 55, 58, 59, 60, 61, 64, 65, 68, 71, 72, 73, 76, 79, 81], "summary": {"covered_lines": 42, "num_statements": 42, "percent_covered": 100.0, "percent_covered_display": "100", "missing_lines": 0, "excluded_lines": 0, "percent_statements_covered": 100.0, "percent_statements_covered_display": "100"}, "missing_lines": [], "excluded_lines": [], "start_line": 1}}}, "src/models/competencies.py": {"executed_lines": [5, 6, 7, 8, 9, 12, 14, 15, 16, 19, 21, 22, 23, 24, 27, 37, 40, 43, 46, 47, 48, 49, 52, 55, 58, 59, 62, 63, 66, 67, 70, 73, 74, 77, 78, 81, 83], "summary": {"covered_lines": 37, "num_statements": 38, "percent_covered": 97.36842105263158, "percent_covered_display": "97", "missing_lines": 1, "excluded_lines": 0, "percent_statements_covered": 97.36842105263158, "percent_statements_covered_display": "97"}, "missing_lines": [84], "excluded_lines": [], "functions": {"Competency.__repr__": {"executed_lines": [], "summary": {"covered_lines": 0, "num_statements": 1, "percent_covered": 0.0, "percent_covered_display": "0", "missing_lines": 1, "excluded_lines": 0, "percent_statements_covered": 0.0, "percent_statements_covered_display": "0"}, "missing_lines": [84], "excluded_lines": [], "start_line": 83}, "": {"executed_lines": [5, 6, 7, 8, 9, 12, 14, 15, 16, 19, 21, 22, 23, 24, 27, 37, 40, 43, 46, 47, 48, 49, 52, 55, 58, 59, 62, 63, 66, 67, 70, 73, 74, 77, 78, 81, 83], "summary": {"covered_lines": 37, "num_statements": 37, "percent_covered": 100.0, "percent_covered_display": "100", "missing_lines": 0, "excluded_lines": 0, "percent_statements_covered": 100.0, "percent_statements_covered_display": "100"}, "missing_lines": [], "excluded_lines": [], "start_line": 1}}, "classes": {"CompetencyType": {"executed_lines": [], "summary": {"covered_lines": 0, "num_statements": 0, "percent_covered": 100.0, "percent_covered_display": "100", "missing_lines": 0, "excluded_lines": 0, "percent_statements_covered": 100.0, "percent_statements_covered_display": "100"}, "missing_lines": [], "excluded_lines": [], "start_line": 12}, "CompetencyLevel": {"executed_lines": [], "summary": {"covered_lines": 0, "num_statements": 0, "percent_covered": 100.0, "percent_covered_display": "100", "missing_lines": 0, "excluded_lines": 0, "percent_statements_covered": 100.0, "percent_statements_covered_display": "100"}, "missing_lines": [], "excluded_lines": [], "start_line": 19}, "Competency": {"executed_lines": [], "summary": {"covered_lines": 0, "num_statements": 1, "percent_covered": 0.0, "percent_covered_display": "0", "missing_lines": 1, "excluded_lines": 0, "percent_statements_covered": 0.0, "percent_statements_covered_display": "0"}, "missing_lines": [84], "excluded_lines": [], "start_line": 27}, "": {"executed_lines": [5, 6, 7, 8, 9, 12, 14, 15, 16, 19, 21, 22, 23, 24, 27, 37, 40, 43, 46, 47, 48, 49, 52, 55, 58, 59, 62, 63, 66, 67, 70, 73, 74, 77, 78, 81, 83], "summary": {"covered_lines": 37, "num_statements": 37, "percent_covered": 100.0, "percent_covered_display": "100", "missing_lines": 0, "excluded_lines": 0, "percent_statements_covered": 100.0, "percent_statements_covered_display": "100"}, "missing_lines": [], "excluded_lines": [], "start_line": 1}}}, "src/models/event.py": {"executed_lines": [4, 5, 6, 7, 8, 11, 13, 14, 15, 16, 17, 18, 19, 20, 21, 22, 23, 24, 25, 26, 27, 28, 29, 30, 33, 43, 46, 49, 52, 53, 54, 57, 58, 59, 62, 63, 64, 67, 70, 73, 75], "summary": {"covered_lines": 41, "num_statements": 42, "percent_covered": 97.61904761904762, "percent_covered_display": "98", "missing_lines": 1, "excluded_lines": 0, "percent_statements_covered": 97.61904761904762, "percent_statements_covered_display": "98"}, "missing_lines": [76], "excluded_lines": [], "functions": {"Event.__repr__": {"executed_lines": [], "summary": {"covered_lines": 0, "num_statements": 1, "percent_covered": 0.0, "percent_covered_display": "0", "missing_lines": 1, "excluded_lines": 0, "percent_statements_covered": 0.0, "percent_statements_covered_display": "0"}, "missing_lines": [76], "excluded_lines": [], "start_line": 75}, "": {"executed_lines": [4, 5, 6, 7, 8, 11, 13, 14, 15, 16, 17, 18, 19, 20, 21, 22, 23, 24, 25, 26, 27, 28, 29, 30, 33, 43, 46, 49, 52, 53, 54, 57, 58, 59, 62, 63, 64, 67, 70, 73, 75], "summary": {"covered_lines": 41, "num_statements": 41, "percent_covered": 100.0, "percent_covered_display": "100", "missing_lines": 0, "excluded_lines": 0, "percent_statements_covered": 100.0, "percent_statements_covered_display": "100"}, "missing_lines": [], "excluded_lines": [], "start_line": 1}}, "classes": {"EventType": {"executed_lines": [], "summary": {"covered_lines": 0, "num_statements": 0, "percent_covered": 100.0, "percent_covered_display": "100", "missing_lines": 0, "excluded_lines": 0, "percent_statements_covered": 100.0, "percent_statements_covered_display": "100"}, "missing_lines": [], "excluded_lines": [], "start_line": 11}, "Event": {"executed_lines": [], "summary": {"covered_lines": 0, "num_statements": 1, "percent_covered": 0.0, "percent_covered_display": "0", "missing_lines": 1, "excluded_lines": 0, "percent_statements_covered": 0.0, "percent_statements_covered_display": "0"}, "missing_lines": [76], "excluded_lines": [], "start_line": 33}, "": {"executed_lines": [4, 5, 6, 7, 8, 11, 13, 14, 15, 16, 17, 18, 19, 20, 21, 22, 23, 24, 25, 26, 27, 28, 29, 30, 33, 43, 46, 49, 52, 53, 54, 57, 58, 59, 62, 63, 64, 67, 70, 73, 75], "summary": {"covered_lines": 41, "num_statements": 41, "percent_covered": 100.0, "percent_covered_display": "100", "missing_lines": 0, "excluded_lines": 0, "percent_statements_covered": 100.0, "percent_statements_covered_display": "100"}, "missing_lines": [], "excluded_lines": [], "start_line": 1}}}, "src/models/evidence.py": {"executed_lines": [5, 6, 7, 8, 9, 12, 14, 15, 16, 17, 18, 19, 20, 21, 24, 37, 40, 43, 46, 47, 48, 49, 52, 53, 56, 57, 58, 61, 62, 63, 66, 67, 68, 69, 72, 75, 76, 77, 80, 83, 84, 85, 88, 89, 92, 93, 96, 99, 100, 103, 105], "summary": {"covered_lines": 51, "num_statements": 52, "percent_covered": 98.07692307692308, "percent_covered_display": "98", "missing_lines": 1, "excluded_lines": 0, "percent_statements_covered": 98.07692307692308, "percent_statements_covered_display": "98"}, "missing_lines": [106], "excluded_lines": [], "functions": {"Evidence.__repr__": {"executed_lines": [], "summary": {"covered_lines": 0, "num_statements": 1, "percent_covered": 0.0, "percent_covered_display": "0", "missing_lines": 1, "excluded_lines": 0, "percent_statements_covered": 0.0, "percent_statements_covered_display": "0"}, "missing_lines": [106], "excluded_lines": [], "start_line": 105}, "": {"executed_lines": [5, 6, 7, 8, 9, 12, 14, 15, 16, 17, 18, 19, 20, 21, 24, 37, 40, 43, 46, 47, 48, 49, 52, 53, 56, 57, 58, 61, 62, 63, 66, 67, 68, 69, 72, 75, 76, 77, 80, 83, 84, 85, 88, 89, 92, 93, 96, 99, 100, 103, 105], "summary": {"covered_lines": 51, "num_statements": 51, "percent_covered": 100.0, "percent_covered_display": "100", "missing_lines": 0, "excluded_lines": 0, "percent_statements_covered": 100.0, "percent_statements_covered_display": "100"}, "missing_lines": [], "excluded_lines": [], "start_line": 1}}, "classes": {"EvidenceType": {"executed_lines": [], "summary": {"covered_lines": 0, "num_statements": 0, "percent_covered": 100.0, "percent_covered_display": "100", "missing_lines": 0, "excluded_lines": 0, "percent_statements_covered": 100.0, "percent_statements_covered_display": "100"}, "missing_lines": [], "excluded_lines": [], "start_line": 12}, "Evidence": {"executed_lines": [], "summary": {"covered_lines": 0, "num_statements": 1, "percent_covered": 0.0, "percent_covered_display": "0", "missing_lines": 1, "excluded_lines": 0, "percent_statements_covered": 0.0, "percent_statements_covered_display": "0"}, "missing_lines": [106], "excluded_lines": [], "start_line": 24}, "": {"executed_lines": [5, 6, 7, 8, 9, 12, 14, 15, 16, 17, 18, 19, 20, 21, 24, 37, 40, 43, 46, 47, 48, 49, 52, 53, 56, 57, 58, 61, 62, 63, 66, 67, 68, 69, 72, 75, 76, 77, 80, 83, 84, 85, 88, 89, 92, 93, 96, 99, 100, 103, 105], "summary": {"covered_lines": 51, "num_statements": 51, "percent_covered": 100.0, "percent_covered_display": "100", "missing_lines": 0, "excluded_lines": 0, "percent_statements_covered": 100.0, "percent_statements_covered_display": "100"}, "missing_lines": [], "excluded_lines": [], "start_line": 1}}}, "src/models/file_upload.py": {"executed_lines": [4, 5, 6, 7, 8, 11, 13, 14, 15, 16, 19, 29, 32, 35, 38, 39, 40, 41, 42, 43, 46, 47, 48, 51, 52, 55, 56, 57, 60, 61, 64, 65, 66, 69, 71], "summary": {"covered_lines": 35, "num_statements": 36, "percent_covered": 97.22222222222223, "percent_covered_display": "97", "missing_lines": 1, "excluded_lines": 0, "percent_statements_covered": 97.22222222222223, "percent_statements_covered_display": "97"}, "missing_lines": [72], "excluded_lines": [], "functions": {"FileUpload.__repr__": {"executed_lines": [], "summary": {"covered_lines": 0, "num_statements": 1, "percent_covered": 0.0, "percent_covered_display": "0", "missing_lines": 1, "excluded_lines": 0, "percent_statements_covered": 0.0, "percent_statements_covered_display": "0"}, "missing_lines": [72], "excluded_lines": [], "start_line": 71}, "": {"executed_lines": [4, 5, 6, 7, 8, 11, 13, 14, 15, 16, 19, 29, 32, 35, 38, 39, 40, 41, 42, 43, 46, 47, 48, 51, 52, 55, 56, 57, 60, 61, 64, 65, 66, 69, 71], "summary": {"covered_lines": 35, "num_statements": 35, "percent_covered": 100.0, "percent_covered_display": "100", "missing_lines": 0, "excluded_lines": 0, "percent_statements_covered": 100.0, "percent_statements_covered_display": "100"}, "missing_lines": [], "excluded_lines": [], "start_line": 1}}, "classes": {"FileType": {"executed_lines": [], "summary": {"covered_lines": 0, "num_statements": 0, "percent_covered": 100.0, "percent_covered_display": "100", "missing_lines": 0, "excluded_lines": 0, "percent_statements_covered": 100.0, "percent_statements_covered_display": "100"}, "missing_lines": [], "excluded_lines": [], "start_line": 11}, "FileUpload": {"executed_lines": [], "summary": {"covered_lines": 0, "num_statements": 1, "percent_covered": 0.0, "percent_covered_display": "0", "missing_lines": 1, "excluded_lines": 0, "percent_statements_covered": 0.0, "percent_statements_covered_display": "0"}, "missing_lines": [72], "excluded_lines": [], "start_line": 19}, "": {"executed_lines": [4, 5, 6, 7, 8, 11, 13, 14, 15, 16, 19, 29, 32, 35, 38, 39, 40, 41, 42, 43, 46, 47, 48, 51, 52, 55, 56, 57, 60, 61, 64, 65, 66, 69, 71], "summary": {"covered_lines": 35, "num_statements": 35, "percent_covered": 100.0, "percent_covered_display": "100", "missing_lines": 0, "excluded_lines": 0, "percent_statements_covered": 100.0, "percent_statements_covered_display": "100"}, "missing_lines": [], "excluded_lines": [], "start_line": 1}}}, "src/models/identity.py": {"executed_lines": [5, 6, 7, 8, 11, 22, 25, 28, 31, 32, 33, 34, 37, 38, 41, 42, 45, 46, 49, 50, 53, 54, 57, 60, 61, 64, 66], "summary": {"covered_lines": 27, "num_statements": 28, "percent_covered": 96.42857142857143, "percent_covered_display": "96", "missing_lines": 1, "excluded_lines": 0, "percent_statements_covered": 96.42857142857143, "percent_statements_covered_display": "96"}, "missing_lines": [67], "excluded_lines": [], "functions": {"Identity.__repr__": {"executed_lines": [], "summary": {"covered_lines": 0, "num_statements": 1, "percent_covered": 0.0, "percent_covered_display": "0", "missing_lines": 1, "excluded_lines": 0, "percent_statements_covered": 0.0, "percent_statements_covered_display": "0"}, "missing_lines": [67], "excluded_lines": [], "start_line": 66}, "": {"executed_lines": [5, 6, 7, 8, 11, 22, 25, 28, 31, 32, 33, 34, 37, 38, 41, 42, 45, 46, 49, 50, 53, 54, 57, 60, 61, 64, 66], "summary": {"covered_lines": 27, "num_statements": 27, "percent_covered": 100.0, "percent_covered_display": "100", "missing_lines": 0, "excluded_lines": 0, "percent_statements_covered": 100.0, "percent_statements_covered_display": "100"}, "missing_lines": [], "excluded_lines": [], "start_line": 1}}, "classes": {"Identity": {"executed_lines": [], "summary": {"covered_lines": 0, "num_statements": 1, "percent_covered": 0.0, "percent_covered_display": "0", "missing_lines": 1, "excluded_lines": 0, "percent_statements_covered": 0.0, "percent_statements_covered_display": "0"}, "missing_lines": [67], "excluded_lines": [], "start_line": 11}, "": {"executed_lines": [5, 6, 7, 8, 11, 22, 25, 28, 31, 32, 33, 34, 37, 38, 41, 42, 45, 46, 49, 50, 53, 54, 57, 60, 61, 64, 66], "summary": {"covered_lines": 27, "num_statements": 27, "percent_covered": 100.0, "percent_covered_display": "100", "missing_lines": 0, "excluded_lines": 0, "percent_statements_covered": 100.0, "percent_statements_covered_display": "100"}, "missing_lines": [], "excluded_lines": [], "start_line": 1}}}, "src/models/interview.py": {"executed_lines": [4, 5, 6, 7, 8, 11, 13, 14, 15, 16, 17, 18, 19, 20, 23, 25, 26, 27, 28, 31, 33, 34, 35, 36, 37, 38, 39, 42, 53, 56, 59, 62, 63, 64, 65, 68, 69, 70, 73, 74, 75, 76, 79, 80, 81, 84, 85, 86, 87, 88, 91, 92, 95, 96, 97, 98, 101, 102, 103, 106, 107, 108, 109, 112, 113, 114, 115, 118, 121, 122, 125, 126, 129, 131], "summary": {"covered_lines": 74, "num_statements": 75, "percent_covered": 98.66666666666667, "percent_covered_display": "99", "missing_lines": 1, "excluded_lines": 0, "percent_statements_covered": 98.66666666666667, "percent_statements_covered_display": "99"}, "missing_lines": [132], "excluded_lines": [], "functions": {"Interview.__repr__": {"executed_lines": [], "summary": {"covered_lines": 0, "num_statements": 1, "percent_covered": 0.0, "percent_covered_display": "0", "missing_lines": 1, "excluded_lines": 0, "percent_statements_covered": 0.0, "percent_statements_covered_display": "0"}, "missing_lines": [132], "excluded_lines": [], "start_line": 131}, "": {"executed_lines": [4, 5, 6, 7, 8, 11, 13, 14, 15, 16, 17, 18, 19, 20, 23, 25, 26, 27, 28, 31, 33, 34, 35, 36, 37, 38, 39, 42, 53, 56, 59, 62, 63, 64, 65, 68, 69, 70, 73, 74, 75, 76, 79, 80, 81, 84, 85, 86, 87, 88, 91, 92, 95, 96, 97, 98, 101, 102, 103, 106, 107, 108, 109, 112, 113, 114, 115, 118, 121, 122, 125, 126, 129, 131], "summary": {"covered_lines": 74, "num_statements": 74, "percent_covered": 100.0, "percent_covered_display": "100", "missing_lines": 0, "excluded_lines": 0, "percent_statements_covered": 100.0, "percent_statements_covered_display": "100"}, "missing_lines": [], "excluded_lines": [], "start_line": 1}}, "classes": {"InterviewType": {"executed_lines": [], "summary": {"covered_lines": 0, "num_statements": 0, "percent_covered": 100.0, "percent_covered_display": "100", "missing_lines": 0, "excluded_lines": 0, "percent_statements_covered": 100.0, "percent_statements_covered_display": "100"}, "missing_lines": [], "excluded_lines": [], "start_line": 11}, "InterviewRound": {"executed_lines": [], "summary": {"covered_lines": 0, "num_statements": 0, "percent_covered": 100.0, "percent_covered_display": "100", "missing_lines": 0, "excluded_lines": 0, "percent_statements_covered": 100.0, "percent_statements_covered_display": "100"}, "missing_lines": [], "excluded_lines": [], "start_line": 23}, "InterviewFeedback": {"executed_lines": [], "summary": {"covered_lines": 0, "num_statements": 0, "percent_covered": 100.0, "percent_covered_display": "100", "missing_lines": 0, "excluded_lines": 0, "percent_statements_covered": 100.0, "percent_statements_covered_display": "100"}, "missing_lines": [], "excluded_lines": [], "start_line": 31}, "Interview": {"executed_lines": [], "summary": {"covered_lines": 0, "num_statements": 1, "percent_covered": 0.0, "percent_covered_display": "0", "missing_lines": 1, "excluded_lines": 0, "percent_statements_covered": 0.0, "percent_statements_covered_display": "0"}, "missing_lines": [132], "excluded_lines": [], "start_line": 42}, "": {"executed_lines": [4, 5, 6, 7, 8, 11, 13, 14, 15, 16, 17, 18, 19, 20, 23, 25, 26, 27, 28, 31, 33, 34, 35, 36, 37, 38, 39, 42, 53, 56, 59, 62, 63, 64, 65, 68, 69, 70, 73, 74, 75, 76, 79, 80, 81, 84, 85, 86, 87, 88, 91, 92, 95, 96, 97, 98, 101, 102, 103, 106, 107, 108, 109, 112, 113, 114, 115, 118, 121, 122, 125, 126, 129, 131], "summary": {"covered_lines": 74, "num_statements": 74, "percent_covered": 100.0, "percent_covered_display": "100", "missing_lines": 0, "excluded_lines": 0, "percent_statements_covered": 100.0, "percent_statements_covered_display": "100"}, "missing_lines": [], "excluded_lines": [], "start_line": 1}}}, "src/models/job_strategy.py": {"executed_lines": [4, 5, 6, 7, 8, 11, 13, 14, 15, 16, 19, 30, 33, 36, 39, 40, 41, 44, 45, 46, 47, 48, 51, 52, 55, 56, 59, 60, 61, 64, 65, 68, 69, 70, 73, 74, 77, 78, 81, 83], "summary": {"covered_lines": 40, "num_statements": 41, "percent_covered": 97.5609756097561, "percent_covered_display": "98", "missing_lines": 1, "excluded_lines": 0, "percent_statements_covered": 97.5609756097561, "percent_statements_covered_display": "98"}, "missing_lines": [84], "excluded_lines": [], "functions": {"JobStrategy.__repr__": {"executed_lines": [], "summary": {"covered_lines": 0, "num_statements": 1, "percent_covered": 0.0, "percent_covered_display": "0", "missing_lines": 1, "excluded_lines": 0, "percent_statements_covered": 0.0, "percent_statements_covered_display": "0"}, "missing_lines": [84], "excluded_lines": [], "start_line": 83}, "": {"executed_lines": [4, 5, 6, 7, 8, 11, 13, 14, 15, 16, 19, 30, 33, 36, 39, 40, 41, 44, 45, 46, 47, 48, 51, 52, 55, 56, 59, 60, 61, 64, 65, 68, 69, 70, 73, 74, 77, 78, 81, 83], "summary": {"covered_lines": 40, "num_statements": 40, "percent_covered": 100.0, "percent_covered_display": "100", "missing_lines": 0, "excluded_lines": 0, "percent_statements_covered": 100.0, "percent_statements_covered_display": "100"}, "missing_lines": [], "excluded_lines": [], "start_line": 1}}, "classes": {"JobStrategyStatus": {"executed_lines": [], "summary": {"covered_lines": 0, "num_statements": 0, "percent_covered": 100.0, "percent_covered_display": "100", "missing_lines": 0, "excluded_lines": 0, "percent_statements_covered": 100.0, "percent_statements_covered_display": "100"}, "missing_lines": [], "excluded_lines": [], "start_line": 11}, "JobStrategy": {"executed_lines": [], "summary": {"covered_lines": 0, "num_statements": 1, "percent_covered": 0.0, "percent_covered_display": "0", "missing_lines": 1, "excluded_lines": 0, "percent_statements_covered": 0.0, "percent_statements_covered_display": "0"}, "missing_lines": [84], "excluded_lines": [], "start_line": 19}, "": {"executed_lines": [4, 5, 6, 7, 8, 11, 13, 14, 15, 16, 19, 30, 33, 36, 39, 40, 41, 44, 45, 46, 47, 48, 51, 52, 55, 56, 59, 60, 61, 64, 65, 68, 69, 70, 73, 74, 77, 78, 81, 83], "summary": {"covered_lines": 40, "num_statements": 40, "percent_covered": 100.0, "percent_covered_display": "100", "missing_lines": 0, "excluded_lines": 0, "percent_statements_covered": 100.0, "percent_statements_covered_display": "100"}, "missing_lines": [], "excluded_lines": [], "start_line": 1}}}, "src/models/metrics.py": {"executed_lines": [5, 6, 7, 8, 11, 25, 28, 31, 34, 35, 36, 37, 40, 41, 42, 43, 46, 47, 48, 49, 52, 53, 56, 57, 58, 59, 62, 63, 64, 65, 68, 69, 70, 71, 74, 75, 78, 79, 80, 83, 84, 87, 90, 91, 92, 95, 97], "summary": {"covered_lines": 47, "num_statements": 48, "percent_covered": 97.91666666666667, "percent_covered_display": "98", "missing_lines": 1, "excluded_lines": 0, "percent_statements_covered": 97.91666666666667, "percent_statements_covered_display": "98"}, "missing_lines": [98], "excluded_lines": [], "functions": {"Metrics.__repr__": {"executed_lines": [], "summary": {"covered_lines": 0, "num_statements": 1, "percent_covered": 0.0, "percent_covered_display": "0", "missing_lines": 1, "excluded_lines": 0, "percent_statements_covered": 0.0, "percent_statements_covered_display": "0"}, "missing_lines": [98], "excluded_lines": [], "start_line": 97}, "": {"executed_lines": [5, 6, 7, 8, 11, 25, 28, 31, 34, 35, 36, 37, 40, 41, 42, 43, 46, 47, 48, 49, 52, 53, 56, 57, 58, 59, 62, 63, 64, 65, 68, 69, 70, 71, 74, 75, 78, 79, 80, 83, 84, 87, 90, 91, 92, 95, 97], "summary": {"covered_lines": 47, "num_statements": 47, "percent_covered": 100.0, "percent_covered_display": "100", "missing_lines": 0, "excluded_lines": 0, "percent_statements_covered": 100.0, "percent_statements_covered_display": "100"}, "missing_lines": [], "excluded_lines": [], "start_line": 1}}, "classes": {"Metrics": {"executed_lines": [], "summary": {"covered_lines": 0, "num_statements": 1, "percent_covered": 0.0, "percent_covered_display": "0", "missing_lines": 1, "excluded_lines": 0, "percent_statements_covered": 0.0, "percent_statements_covered_display": "0"}, "missing_lines": [98], "excluded_lines": [], "start_line": 11}, "": {"executed_lines": [5, 6, 7, 8, 11, 25, 28, 31, 34, 35, 36, 37, 40, 41, 42, 43, 46, 47, 48, 49, 52, 53, 56, 57, 58, 59, 62, 63, 64, 65, 68, 69, 70, 71, 74, 75, 78, 79, 80, 83, 84, 87, 90, 91, 92, 95, 97], "summary": {"covered_lines": 47, "num_statements": 47, "percent_covered": 100.0, "percent_covered_display": "100", "missing_lines": 0, "excluded_lines": 0, "percent_statements_covered": 100.0, "percent_statements_covered_display": "100"}, "missing_lines": [], "excluded_lines": [], "start_line": 1}}}, "src/models/networking.py": {"executed_lines": [4, 5, 6, 7, 8, 11, 13, 14, 15, 18, 20, 21, 22, 23, 24, 25, 26, 27, 28, 31, 41, 44, 47, 50, 51, 52, 53, 56, 57, 58, 59, 62, 63, 64, 67, 68, 71, 72, 73, 76, 77, 78, 81, 82, 85, 86, 87, 90, 91, 94, 95, 98, 101, 102, 105, 107], "summary": {"covered_lines": 56, "num_statements": 57, "percent_covered": 98.24561403508773, "percent_covered_display": "98", "missing_lines": 1, "excluded_lines": 0, "percent_statements_covered": 98.24561403508773, "percent_statements_covered_display": "98"}, "missing_lines": [108], "excluded_lines": [], "functions": {"NetworkingContact.__repr__": {"executed_lines": [], "summary": {"covered_lines": 0, "num_statements": 1, "percent_covered": 0.0, "percent_covered_display": "0", "missing_lines": 1, "excluded_lines": 0, "percent_statements_covered": 0.0, "percent_statements_covered_display": "0"}, "missing_lines": [108], "excluded_lines": [], "start_line": 107}, "": {"executed_lines": [4, 5, 6, 7, 8, 11, 13, 14, 15, 18, 20, 21, 22, 23, 24, 25, 26, 27, 28, 31, 41, 44, 47, 50, 51, 52, 53, 56, 57, 58, 59, 62, 63, 64, 67, 68, 71, 72, 73, 76, 77, 78, 81, 82, 85, 86, 87, 90, 91, 94, 95, 98, 101, 102, 105, 107], "summary": {"covered_lines": 56, "num_statements": 56, "percent_covered": 100.0, "percent_covered_display": "100", "missing_lines": 0, "excluded_lines": 0, "percent_statements_covered": 100.0, "percent_statements_covered_display": "100"}, "missing_lines": [], "excluded_lines": [], "start_line": 1}}, "classes": {"ContactStatus": {"executed_lines": [], "summary": {"covered_lines": 0, "num_statements": 0, "percent_covered": 100.0, "percent_covered_display": "100", "missing_lines": 0, "excluded_lines": 0, "percent_statements_covered": 100.0, "percent_statements_covered_display": "100"}, "missing_lines": [], "excluded_lines": [], "start_line": 11}, "RelationshipType": {"executed_lines": [], "summary": {"covered_lines": 0, "num_statements": 0, "percent_covered": 100.0, "percent_covered_display": "100", "missing_lines": 0, "excluded_lines": 0, "percent_statements_covered": 100.0, "percent_statements_covered_display": "100"}, "missing_lines": [], "excluded_lines": [], "start_line": 18}, "NetworkingContact": {"executed_lines": [], "summary": {"covered_lines": 0, "num_statements": 1, "percent_covered": 0.0, "percent_covered_display": "0", "missing_lines": 1, "excluded_lines": 0, "percent_statements_covered": 0.0, "percent_statements_covered_display": "0"}, "missing_lines": [108], "excluded_lines": [], "start_line": 31}, "": {"executed_lines": [4, 5, 6, 7, 8, 11, 13, 14, 15, 18, 20, 21, 22, 23, 24, 25, 26, 27, 28, 31, 41, 44, 47, 50, 51, 52, 53, 56, 57, 58, 59, 62, 63, 64, 67, 68, 71, 72, 73, 76, 77, 78, 81, 82, 85, 86, 87, 90, 91, 94, 95, 98, 101, 102, 105, 107], "summary": {"covered_lines": 56, "num_statements": 56, "percent_covered": 100.0, "percent_covered_display": "100", "missing_lines": 0, "excluded_lines": 0, "percent_statements_covered": 100.0, "percent_statements_covered_display": "100"}, "missing_lines": [], "excluded_lines": [], "start_line": 1}}}, "src/models/refresh_token.py": {"executed_lines": [4, 5, 6, 7, 10, 20, 23, 26, 29, 30, 33, 34, 37, 40, 41, 44, 45, 46, 49, 51], "summary": {"covered_lines": 20, "num_statements": 21, "percent_covered": 95.23809523809524, "percent_covered_display": "95", "missing_lines": 1, "excluded_lines": 0, "percent_statements_covered": 95.23809523809524, "percent_statements_covered_display": "95"}, "missing_lines": [52], "excluded_lines": [], "functions": {"RefreshToken.__repr__": {"executed_lines": [], "summary": {"covered_lines": 0, "num_statements": 1, "percent_covered": 0.0, "percent_covered_display": "0", "missing_lines": 1, "excluded_lines": 0, "percent_statements_covered": 0.0, "percent_statements_covered_display": "0"}, "missing_lines": [52], "excluded_lines": [], "start_line": 51}, "": {"executed_lines": [4, 5, 6, 7, 10, 20, 23, 26, 29, 30, 33, 34, 37, 40, 41, 44, 45, 46, 49, 51], "summary": {"covered_lines": 20, "num_statements": 20, "percent_covered": 100.0, "percent_covered_display": "100", "missing_lines": 0, "excluded_lines": 0, "percent_statements_covered": 100.0, "percent_statements_covered_display": "100"}, "missing_lines": [], "excluded_lines": [], "start_line": 1}}, "classes": {"RefreshToken": {"executed_lines": [], "summary": {"covered_lines": 0, "num_statements": 1, "percent_covered": 0.0, "percent_covered_display": "0", "missing_lines": 1, "excluded_lines": 0, "percent_statements_covered": 0.0, "percent_statements_covered_display": "0"}, "missing_lines": [52], "excluded_lines": [], "start_line": 10}, "": {"executed_lines": [4, 5, 6, 7, 10, 20, 23, 26, 29, 30, 33, 34, 37, 40, 41, 44, 45, 46, 49, 51], "summary": {"covered_lines": 20, "num_statements": 20, "percent_covered": 100.0, "percent_covered_display": "100", "missing_lines": 0, "excluded_lines": 0, "percent_statements_covered": 100.0, "percent_statements_covered_display": "100"}, "missing_lines": [], "excluded_lines": [], "start_line": 1}}}, "src/models/user.py": {"executed_lines": [5, 6, 7, 8, 11, 19, 22, 25, 26, 27, 30, 31, 32, 33, 36, 37, 40, 41, 42, 45, 46, 47, 48, 49, 50, 51, 52, 53, 54, 55, 56, 58], "summary": {"covered_lines": 32, "num_statements": 33, "percent_covered": 96.96969696969697, "percent_covered_display": "97", "missing_lines": 1, "excluded_lines": 0, "percent_statements_covered": 96.96969696969697, "percent_statements_covered_display": "97"}, "missing_lines": [59], "excluded_lines": [], "functions": {"User.__repr__": {"executed_lines": [], "summary": {"covered_lines": 0, "num_statements": 1, "percent_covered": 0.0, "percent_covered_display": "0", "missing_lines": 1, "excluded_lines": 0, "percent_statements_covered": 0.0, "percent_statements_covered_display": "0"}, "missing_lines": [59], "excluded_lines": [], "start_line": 58}, "": {"executed_lines": [5, 6, 7, 8, 11, 19, 22, 25, 26, 27, 30, 31, 32, 33, 36, 37, 40, 41, 42, 45, 46, 47, 48, 49, 50, 51, 52, 53, 54, 55, 56, 58], "summary": {"covered_lines": 32, "num_statements": 32, "percent_covered": 100.0, "percent_covered_display": "100", "missing_lines": 0, "excluded_lines": 0, "percent_statements_covered": 100.0, "percent_statements_covered_display": "100"}, "missing_lines": [], "excluded_lines": [], "start_line": 1}}, "classes": {"User": {"executed_lines": [], "summary": {"covered_lines": 0, "num_statements": 1, "percent_covered": 0.0, "percent_covered_display": "0", "missing_lines": 1, "excluded_lines": 0, "percent_statements_covered": 0.0, "percent_statements_covered_display": "0"}, "missing_lines": [59], "excluded_lines": [], "start_line": 11}, "": {"executed_lines": [5, 6, 7, 8, 11, 19, 22, 25, 26, 27, 30, 31, 32, 33, 36, 37, 40, 41, 42, 45, 46, 47, 48, 49, 50, 51, 52, 53, 54, 55, 56, 58], "summary": {"covered_lines": 32, "num_statements": 32, "percent_covered": 100.0, "percent_covered_display": "100", "missing_lines": 0, "excluded_lines": 0, "percent_statements_covered": 100.0, "percent_statements_covered_display": "100"}, "missing_lines": [], "excluded_lines": [], "start_line": 1}}}, "src/models/user_session.py": {"executed_lines": [4, 5, 6, 7, 10, 21, 24, 27, 30, 31, 34, 35, 36, 37, 40, 41, 42, 43, 46, 47, 48, 51, 52, 55, 56, 57, 60, 63, 66, 68], "summary": {"covered_lines": 30, "num_statements": 31, "percent_covered": 96.7741935483871, "percent_covered_display": "97", "missing_lines": 1, "excluded_lines": 0, "percent_statements_covered": 96.7741935483871, "percent_statements_covered_display": "97"}, "missing_lines": [69], "excluded_lines": [], "functions": {"UserSession.__repr__": {"executed_lines": [], "summary": {"covered_lines": 0, "num_statements": 1, "percent_covered": 0.0, "percent_covered_display": "0", "missing_lines": 1, "excluded_lines": 0, "percent_statements_covered": 0.0, "percent_statements_covered_display": "0"}, "missing_lines": [69], "excluded_lines": [], "start_line": 68}, "": {"executed_lines": [4, 5, 6, 7, 10, 21, 24, 27, 30, 31, 34, 35, 36, 37, 40, 41, 42, 43, 46, 47, 48, 51, 52, 55, 56, 57, 60, 63, 66, 68], "summary": {"covered_lines": 30, "num_statements": 30, "percent_covered": 100.0, "percent_covered_display": "100", "missing_lines": 0, "excluded_lines": 0, "percent_statements_covered": 100.0, "percent_statements_covered_display": "100"}, "missing_lines": [], "excluded_lines": [], "start_line": 1}}, "classes": {"UserSession": {"executed_lines": [], "summary": {"covered_lines": 0, "num_statements": 1, "percent_covered": 0.0, "percent_covered_display": "0", "missing_lines": 1, "excluded_lines": 0, "percent_statements_covered": 0.0, "percent_statements_covered_display": "0"}, "missing_lines": [69], "excluded_lines": [], "start_line": 10}, "": {"executed_lines": [4, 5, 6, 7, 10, 21, 24, 27, 30, 31, 34, 35, 36, 37, 40, 41, 42, 43, 46, 47, 48, 51, 52, 55, 56, 57, 60, 63, 66, 68], "summary": {"covered_lines": 30, "num_statements": 30, "percent_covered": 100.0, "percent_covered_display": "100", "missing_lines": 0, "excluded_lines": 0, "percent_statements_covered": 100.0, "percent_statements_covered_display": "100"}, "missing_lines": [], "excluded_lines": [], "start_line": 1}}}, "src/models/vacancy.py": {"executed_lines": [4, 5, 6, 7, 8, 11, 13, 14, 15, 16, 17, 20, 30, 33, 36, 39, 40, 41, 42, 45, 46, 47, 50, 51, 52, 53, 56, 57, 60, 61, 64, 65, 66, 69, 70, 71, 72, 73, 76, 77, 78, 79, 82, 83, 84, 87, 90, 91, 94, 96], "summary": {"covered_lines": 50, "num_statements": 51, "percent_covered": 98.03921568627452, "percent_covered_display": "98", "missing_lines": 1, "excluded_lines": 0, "percent_statements_covered": 98.03921568627452, "percent_statements_covered_display": "98"}, "missing_lines": [97], "excluded_lines": [], "functions": {"Vacancy.__repr__": {"executed_lines": [], "summary": {"covered_lines": 0, "num_statements": 1, "percent_covered": 0.0, "percent_covered_display": "0", "missing_lines": 1, "excluded_lines": 0, "percent_statements_covered": 0.0, "percent_statements_covered_display": "0"}, "missing_lines": [97], "excluded_lines": [], "start_line": 96}, "": {"executed_lines": [4, 5, 6, 7, 8, 11, 13, 14, 15, 16, 17, 20, 30, 33, 36, 39, 40, 41, 42, 45, 46, 47, 50, 51, 52, 53, 56, 57, 60, 61, 64, 65, 66, 69, 70, 71, 72, 73, 76, 77, 78, 79, 82, 83, 84, 87, 90, 91, 94, 96], "summary": {"covered_lines": 50, "num_statements": 50, "percent_covered": 100.0, "percent_covered_display": "100", "missing_lines": 0, "excluded_lines": 0, "percent_statements_covered": 100.0, "percent_statements_covered_display": "100"}, "missing_lines": [], "excluded_lines": [], "start_line": 1}}, "classes": {"VacancyStatus": {"executed_lines": [], "summary": {"covered_lines": 0, "num_statements": 0, "percent_covered": 100.0, "percent_covered_display": "100", "missing_lines": 0, "excluded_lines": 0, "percent_statements_covered": 100.0, "percent_statements_covered_display": "100"}, "missing_lines": [], "excluded_lines": [], "start_line": 11}, "Vacancy": {"executed_lines": [], "summary": {"covered_lines": 0, "num_statements": 1, "percent_covered": 0.0, "percent_covered_display": "0", "missing_lines": 1, "excluded_lines": 0, "percent_statements_covered": 0.0, "percent_statements_covered_display": "0"}, "missing_lines": [97], "excluded_lines": [], "start_line": 20}, "": {"executed_lines": [4, 5, 6, 7, 8, 11, 13, 14, 15, 16, 17, 20, 30, 33, 36, 39, 40, 41, 42, 45, 46, 47, 50, 51, 52, 53, 56, 57, 60, 61, 64, 65, 66, 69, 70, 71, 72, 73, 76, 77, 78, 79, 82, 83, 84, 87, 90, 91, 94, 96], "summary": {"covered_lines": 50, "num_statements": 50, "percent_covered": 100.0, "percent_covered_display": "100", "missing_lines": 0, "excluded_lines": 0, "percent_statements_covered": 100.0, "percent_statements_covered_display": "100"}, "missing_lines": [], "excluded_lines": [], "start_line": 1}}}, "src/repositories/__init__.py": {"executed_lines": [], "summary": {"covered_lines": 0, "num_statements": 0, "percent_covered": 100.0, "percent_covered_display": "100", "missing_lines": 0, "excluded_lines": 0, "percent_statements_covered": 100.0, "percent_statements_covered_display": "100"}, "missing_lines": [], "excluded_lines": [], "functions": {"": {"executed_lines": [], "summary": {"covered_lines": 0, "num_statements": 0, "percent_covered": 100.0, "percent_covered_display": "100", "missing_lines": 0, "excluded_lines": 0, "percent_statements_covered": 100.0, "percent_statements_covered_display": "100"}, "missing_lines": [], "excluded_lines": [], "start_line": 1}}, "classes": {"": {"executed_lines": [], "summary": {"covered_lines": 0, "num_statements": 0, "percent_covered": 100.0, "percent_covered_display": "100", "missing_lines": 0, "excluded_lines": 0, "percent_statements_covered": 100.0, "percent_statements_covered_display": "100"}, "missing_lines": [], "excluded_lines": [], "start_line": 1}}}, "src/repositories/base_repository.py": {"executed_lines": [5, 6, 7, 8, 9, 11, 13, 16, 22, 30, 31, 33, 39, 45, 51, 57, 66, 75, 79], "summary": {"covered_lines": 19, "num_statements": 45, "percent_covered": 42.22222222222222, "percent_covered_display": "42", "missing_lines": 26, "excluded_lines": 0, "percent_statements_covered": 42.22222222222222, "percent_statements_covered_display": "42"}, "missing_lines": [35, 36, 37, 41, 42, 43, 47, 48, 49, 53, 54, 55, 59, 60, 61, 62, 63, 64, 68, 69, 70, 71, 72, 73, 77, 81], "excluded_lines": [], "functions": {"BaseRepository.__init__": {"executed_lines": [30, 31], "summary": {"covered_lines": 2, "num_statements": 2, "percent_covered": 100.0, "percent_covered_display": "100", "missing_lines": 0, "excluded_lines": 0, "percent_statements_covered": 100.0, "percent_statements_covered_display": "100"}, "missing_lines": [], "excluded_lines": [], "start_line": 22}, "BaseRepository.create": {"executed_lines": [], "summary": {"covered_lines": 0, "num_statements": 3, "percent_covered": 0.0, "percent_covered_display": "0", "missing_lines": 3, "excluded_lines": 0, "percent_statements_covered": 0.0, "percent_statements_covered_display": "0"}, "missing_lines": [35, 36, 37], "excluded_lines": [], "start_line": 33}, "BaseRepository.get_by_id": {"executed_lines": [], "summary": {"covered_lines": 0, "num_statements": 3, "percent_covered": 0.0, "percent_covered_display": "0", "missing_lines": 3, "excluded_lines": 0, "percent_statements_covered": 0.0, "percent_statements_covered_display": "0"}, "missing_lines": [41, 42, 43], "excluded_lines": [], "start_line": 39}, "BaseRepository.get_all": {"executed_lines": [], "summary": {"covered_lines": 0, "num_statements": 3, "percent_covered": 0.0, "percent_covered_display": "0", "missing_lines": 3, "excluded_lines": 0, "percent_statements_covered": 0.0, "percent_statements_covered_display": "0"}, "missing_lines": [47, 48, 49], "excluded_lines": [], "start_line": 45}, "BaseRepository.count": {"executed_lines": [], "summary": {"covered_lines": 0, "num_statements": 3, "percent_covered": 0.0, "percent_covered_display": "0", "missing_lines": 3, "excluded_lines": 0, "percent_statements_covered": 0.0, "percent_statements_covered_display": "0"}, "missing_lines": [53, 54, 55], "excluded_lines": [], "start_line": 51}, "BaseRepository.update": {"executed_lines": [], "summary": {"covered_lines": 0, "num_statements": 6, "percent_covered": 0.0, "percent_covered_display": "0", "missing_lines": 6, "excluded_lines": 0, "percent_statements_covered": 0.0, "percent_statements_covered_display": "0"}, "missing_lines": [59, 60, 61, 62, 63, 64], "excluded_lines": [], "start_line": 57}, "BaseRepository.delete": {"executed_lines": [], "summary": {"covered_lines": 0, "num_statements": 6, "percent_covered": 0.0, "percent_covered_display": "0", "missing_lines": 6, "excluded_lines": 0, "percent_statements_covered": 0.0, "percent_statements_covered_display": "0"}, "missing_lines": [68, 69, 70, 71, 72, 73], "excluded_lines": [], "start_line": 66}, "BaseRepository.commit": {"executed_lines": [], "summary": {"covered_lines": 0, "num_statements": 1, "percent_covered": 0.0, "percent_covered_display": "0", "missing_lines": 1, "excluded_lines": 0, "percent_statements_covered": 0.0, "percent_statements_covered_display": "0"}, "missing_lines": [77], "excluded_lines": [], "start_line": 75}, "BaseRepository.rollback": {"executed_lines": [], "summary": {"covered_lines": 0, "num_statements": 1, "percent_covered": 0.0, "percent_covered_display": "0", "missing_lines": 1, "excluded_lines": 0, "percent_statements_covered": 0.0, "percent_statements_covered_display": "0"}, "missing_lines": [81], "excluded_lines": [], "start_line": 79}, "": {"executed_lines": [5, 6, 7, 8, 9, 11, 13, 16, 22, 33, 39, 45, 51, 57, 66, 75, 79], "summary": {"covered_lines": 17, "num_statements": 17, "percent_covered": 100.0, "percent_covered_display": "100", "missing_lines": 0, "excluded_lines": 0, "percent_statements_covered": 100.0, "percent_statements_covered_display": "100"}, "missing_lines": [], "excluded_lines": [], "start_line": 1}}, "classes": {"BaseRepository": {"executed_lines": [30, 31], "summary": {"covered_lines": 2, "num_statements": 28, "percent_covered": 7.142857142857143, "percent_covered_display": "7", "missing_lines": 26, "excluded_lines": 0, "percent_statements_covered": 7.142857142857143, "percent_statements_covered_display": "7"}, "missing_lines": [35, 36, 37, 41, 42, 43, 47, 48, 49, 53, 54, 55, 59, 60, 61, 62, 63, 64, 68, 69, 70, 71, 72, 73, 77, 81], "excluded_lines": [], "start_line": 16}, "": {"executed_lines": [5, 6, 7, 8, 9, 11, 13, 16, 22, 33, 39, 45, 51, 57, 66, 75, 79], "summary": {"covered_lines": 17, "num_statements": 17, "percent_covered": 100.0, "percent_covered_display": "100", "missing_lines": 0, "excluded_lines": 0, "percent_statements_covered": 100.0, "percent_statements_covered_display": "100"}, "missing_lines": [], "excluded_lines": [], "start_line": 1}}}, "src/repositories/user_repository.py": {"executed_lines": [5, 6, 7, 8, 9, 10, 12, 15, 18, 20, 22, 32, 33, 34, 36, 50, 61, 64, 65, 67, 85, 105, 121], "summary": {"covered_lines": 23, "num_statements": 45, "percent_covered": 51.111111111111114, "percent_covered_display": "51", "missing_lines": 22, "excluded_lines": 0, "percent_statements_covered": 51.111111111111114, "percent_statements_covered_display": "51"}, "missing_lines": [46, 47, 48, 77, 79, 80, 81, 82, 83, 96, 102, 103, 115, 116, 117, 118, 119, 131, 132, 133, 134, 135], "excluded_lines": [], "functions": {"UserRepository.__init__": {"executed_lines": [20], "summary": {"covered_lines": 1, "num_statements": 1, "percent_covered": 100.0, "percent_covered_display": "100", "missing_lines": 0, "excluded_lines": 0, "percent_statements_covered": 100.0, "percent_statements_covered_display": "100"}, "missing_lines": [], "excluded_lines": [], "start_line": 18}, "UserRepository.get_by_username": {"executed_lines": [32, 33, 34], "summary": {"covered_lines": 3, "num_statements": 3, "percent_covered": 100.0, "percent_covered_display": "100", "missing_lines": 0, "excluded_lines": 0, "percent_statements_covered": 100.0, "percent_statements_covered_display": "100"}, "missing_lines": [], "excluded_lines": [], "start_line": 22}, "UserRepository.get_by_email": {"executed_lines": [], "summary": {"covered_lines": 0, "num_statements": 3, "percent_covered": 0.0, "percent_covered_display": "0", "missing_lines": 3, "excluded_lines": 0, "percent_statements_covered": 0.0, "percent_statements_covered_display": "0"}, "missing_lines": [46, 47, 48], "excluded_lines": [], "start_line": 36}, "UserRepository.user_exists": {"executed_lines": [61, 64, 65], "summary": {"covered_lines": 3, "num_statements": 3, "percent_covered": 100.0, "percent_covered_display": "100", "missing_lines": 0, "excluded_lines": 0, "percent_statements_covered": 100.0, "percent_statements_covered_display": "100"}, "missing_lines": [], "excluded_lines": [], "start_line": 50}, "UserRepository.update_last_login": {"executed_lines": [], "summary": {"covered_lines": 0, "num_statements": 6, "percent_covered": 0.0, "percent_covered_display": "0", "missing_lines": 6, "excluded_lines": 0, "percent_statements_covered": 0.0, "percent_statements_covered_display": "0"}, "missing_lines": [77, 79, 80, 81, 82, 83], "excluded_lines": [], "start_line": 67}, "UserRepository.get_active_users": {"executed_lines": [], "summary": {"covered_lines": 0, "num_statements": 3, "percent_covered": 0.0, "percent_covered_display": "0", "missing_lines": 3, "excluded_lines": 0, "percent_statements_covered": 0.0, "percent_statements_covered_display": "0"}, "missing_lines": [96, 102, 103], "excluded_lines": [], "start_line": 85}, "UserRepository.deactivate_user": {"executed_lines": [], "summary": {"covered_lines": 0, "num_statements": 5, "percent_covered": 0.0, "percent_covered_display": "0", "missing_lines": 5, "excluded_lines": 0, "percent_statements_covered": 0.0, "percent_statements_covered_display": "0"}, "missing_lines": [115, 116, 117, 118, 119], "excluded_lines": [], "start_line": 105}, "UserRepository.activate_user": {"executed_lines": [], "summary": {"covered_lines": 0, "num_statements": 5, "percent_covered": 0.0, "percent_covered_display": "0", "missing_lines": 5, "excluded_lines": 0, "percent_statements_covered": 0.0, "percent_statements_covered_display": "0"}, "missing_lines": [131, 132, 133, 134, 135], "excluded_lines": [], "start_line": 121}, "": {"executed_lines": [5, 6, 7, 8, 9, 10, 12, 15, 18, 22, 36, 50, 67, 85, 105, 121], "summary": {"covered_lines": 16, "num_statements": 16, "percent_covered": 100.0, "percent_covered_display": "100", "missing_lines": 0, "excluded_lines": 0, "percent_statements_covered": 100.0, "percent_statements_covered_display": "100"}, "missing_lines": [], "excluded_lines": [], "start_line": 1}}, "classes": {"UserRepository": {"executed_lines": [20, 32, 33, 34, 61, 64, 65], "summary": {"covered_lines": 7, "num_statements": 29, "percent_covered": 24.137931034482758, "percent_covered_display": "24", "missing_lines": 22, "excluded_lines": 0, "percent_statements_covered": 24.137931034482758, "percent_statements_covered_display": "24"}, "missing_lines": [46, 47, 48, 77, 79, 80, 81, 82, 83, 96, 102, 103, 115, 116, 117, 118, 119, 131, 132, 133, 134, 135], "excluded_lines": [], "start_line": 15}, "": {"executed_lines": [5, 6, 7, 8, 9, 10, 12, 15, 18, 22, 36, 50, 67, 85, 105, 121], "summary": {"covered_lines": 16, "num_statements": 16, "percent_covered": 100.0, "percent_covered_display": "100", "missing_lines": 0, "excluded_lines": 0, "percent_statements_covered": 100.0, "percent_statements_covered_display": "100"}, "missing_lines": [], "excluded_lines": [], "start_line": 1}}}, "src/routes/__init__.py": {"executed_lines": [], "summary": {"covered_lines": 0, "num_statements": 0, "percent_covered": 100.0, "percent_covered_display": "100", "missing_lines": 0, "excluded_lines": 0, "percent_statements_covered": 100.0, "percent_statements_covered_display": "100"}, "missing_lines": [], "excluded_lines": [], "functions": {"": {"executed_lines": [], "summary": {"covered_lines": 0, "num_statements": 0, "percent_covered": 100.0, "percent_covered_display": "100", "missing_lines": 0, "excluded_lines": 0, "percent_statements_covered": 100.0, "percent_statements_covered_display": "100"}, "missing_lines": [], "excluded_lines": [], "start_line": 1}}, "classes": {"": {"executed_lines": [], "summary": {"covered_lines": 0, "num_statements": 0, "percent_covered": 100.0, "percent_covered_display": "100", "missing_lines": 0, "excluded_lines": 0, "percent_statements_covered": 100.0, "percent_statements_covered_display": "100"}, "missing_lines": [], "excluded_lines": [], "start_line": 1}}}, "src/routes/auth_enhanced.py": {"executed_lines": [5, 6, 7, 9, 14, 15, 16, 17, 18, 19, 20, 22, 24, 27, 32, 33, 50, 53, 61, 79, 80, 97, 100, 103, 104, 105, 144, 145, 162, 163, 165, 166, 167, 198, 199, 206, 207, 210, 211], "summary": {"covered_lines": 39, "num_statements": 74, "percent_covered": 52.7027027027027, "percent_covered_display": "53", "missing_lines": 35, "excluded_lines": 0, "percent_statements_covered": 52.7027027027027, "percent_statements_covered_display": "53"}, "missing_lines": [29, 54, 55, 72, 73, 75, 76, 112, 113, 114, 120, 121, 124, 129, 134, 136, 164, 174, 175, 177, 178, 179, 185, 190, 192, 232, 233, 239, 240, 241, 247, 248, 249, 251, 253], "excluded_lines": [], "functions": {"get_user_repository": {"executed_lines": [], "summary": {"covered_lines": 0, "num_statements": 1, "percent_covered": 0.0, "percent_covered_display": "0", "missing_lines": 1, "excluded_lines": 0, "percent_statements_covered": 0.0, "percent_statements_covered_display": "0"}, "missing_lines": [29], "excluded_lines": [], "start_line": 27}, "register": {"executed_lines": [50, 53, 61], "summary": {"covered_lines": 3, "num_statements": 9, "percent_covered": 33.333333333333336, "percent_covered_display": "33", "missing_lines": 6, "excluded_lines": 0, "percent_statements_covered": 33.333333333333336, "percent_statements_covered_display": "33"}, "missing_lines": [54, 55, 72, 73, 75, 76], "excluded_lines": [], "start_line": 33}, "login": {"executed_lines": [97, 100, 103, 104, 105], "summary": {"covered_lines": 5, "num_statements": 14, "percent_covered": 35.714285714285715, "percent_covered_display": "36", "missing_lines": 9, "excluded_lines": 0, "percent_statements_covered": 35.714285714285715, "percent_statements_covered_display": "36"}, "missing_lines": [112, 113, 114, 120, 121, 124, 129, 134, 136], "excluded_lines": [], "start_line": 80}, "refresh_token": {"executed_lines": [162, 163, 165, 166, 167], "summary": {"covered_lines": 5, "num_statements": 14, "percent_covered": 35.714285714285715, "percent_covered_display": "36", "missing_lines": 9, "excluded_lines": 0, "percent_statements_covered": 35.714285714285715, "percent_statements_covered_display": "36"}, "missing_lines": [164, 174, 175, 177, 178, 179, 185, 190, 192], "excluded_lines": [], "start_line": 145}, "logout": {"executed_lines": [206, 207], "summary": {"covered_lines": 2, "num_statements": 2, "percent_covered": 100.0, "percent_covered_display": "100", "missing_lines": 0, "excluded_lines": 0, "percent_statements_covered": 100.0, "percent_statements_covered_display": "100"}, "missing_lines": [], "excluded_lines": [], "start_line": 199}, "change_password": {"executed_lines": [], "summary": {"covered_lines": 0, "num_statements": 10, "percent_covered": 0.0, "percent_covered_display": "0", "missing_lines": 10, "excluded_lines": 0, "percent_statements_covered": 0.0, "percent_statements_covered_display": "0"}, "missing_lines": [232, 233, 239, 240, 241, 247, 248, 249, 251, 253], "excluded_lines": [], "start_line": 211}, "": {"executed_lines": [5, 6, 7, 9, 14, 15, 16, 17, 18, 19, 20, 22, 24, 27, 32, 33, 79, 80, 144, 145, 198, 199, 210, 211], "summary": {"covered_lines": 24, "num_statements": 24, "percent_covered": 100.0, "percent_covered_display": "100", "missing_lines": 0, "excluded_lines": 0, "percent_statements_covered": 100.0, "percent_statements_covered_display": "100"}, "missing_lines": [], "excluded_lines": [], "start_line": 1}}, "classes": {"": {"executed_lines": [5, 6, 7, 9, 14, 15, 16, 17, 18, 19, 20, 22, 24, 27, 32, 33, 50, 53, 61, 79, 80, 97, 100, 103, 104, 105, 144, 145, 162, 163, 165, 166, 167, 198, 199, 206, 207, 210, 211], "summary": {"covered_lines": 39, "num_statements": 74, "percent_covered": 52.7027027027027, "percent_covered_display": "53", "missing_lines": 35, "excluded_lines": 0, "percent_statements_covered": 52.7027027027027, "percent_statements_covered_display": "53"}, "missing_lines": [29, 54, 55, 72, 73, 75, 76, 112, 113, 114, 120, 121, 124, 129, 134, 136, 164, 174, 175, 177, 178, 179, 185, 190, 192, 232, 233, 239, 240, 241, 247, 248, 249, 251, 253], "excluded_lines": [], "start_line": 1}}}, "src/schemas/__init__.py": {"executed_lines": [4, 6], "summary": {"covered_lines": 2, "num_statements": 2, "percent_covered": 100.0, "percent_covered_display": "100", "missing_lines": 0, "excluded_lines": 0, "percent_statements_covered": 100.0, "percent_statements_covered_display": "100"}, "missing_lines": [], "excluded_lines": [], "functions": {"": {"executed_lines": [4, 6], "summary": {"covered_lines": 2, "num_statements": 2, "percent_covered": 100.0, "percent_covered_display": "100", "missing_lines": 0, "excluded_lines": 0, "percent_statements_covered": 100.0, "percent_statements_covered_display": "100"}, "missing_lines": [], "excluded_lines": [], "start_line": 1}}, "classes": {"": {"executed_lines": [4, 6], "summary": {"covered_lines": 2, "num_statements": 2, "percent_covered": 100.0, "percent_covered_display": "100", "missing_lines": 0, "excluded_lines": 0, "percent_statements_covered": 100.0, "percent_statements_covered_display": "100"}, "missing_lines": [], "excluded_lines": [], "start_line": 1}}}, "src/schemas/competencies.py": {"executed_lines": [], "summary": {"covered_lines": 0, "num_statements": 40, "percent_covered": 0.0, "percent_covered_display": "0", "missing_lines": 40, "excluded_lines": 0, "percent_statements_covered": 0.0, "percent_statements_covered_display": "0"}, "missing_lines": [4, 5, 6, 7, 10, 12, 13, 14, 17, 19, 20, 21, 22, 25, 27, 28, 29, 30, 31, 32, 33, 34, 35, 36, 39, 41, 44, 46, 47, 48, 49, 50, 51, 52, 55, 59, 60, 64, 65, 68], "excluded_lines": [], "functions": {"": {"executed_lines": [], "summary": {"covered_lines": 0, "num_statements": 40, "percent_covered": 0.0, "percent_covered_display": "0", "missing_lines": 40, "excluded_lines": 0, "percent_statements_covered": 0.0, "percent_statements_covered_display": "0"}, "missing_lines": [4, 5, 6, 7, 10, 12, 13, 14, 17, 19, 20, 21, 22, 25, 27, 28, 29, 30, 31, 32, 33, 34, 35, 36, 39, 41, 44, 46, 47, 48, 49, 50, 51, 52, 55, 59, 60, 64, 65, 68], "excluded_lines": [], "start_line": 1}}, "classes": {"CompetencyTypeEnum": {"executed_lines": [], "summary": {"covered_lines": 0, "num_statements": 0, "percent_covered": 100.0, "percent_covered_display": "100", "missing_lines": 0, "excluded_lines": 0, "percent_statements_covered": 100.0, "percent_statements_covered_display": "100"}, "missing_lines": [], "excluded_lines": [], "start_line": 10}, "CompetencyLevelEnum": {"executed_lines": [], "summary": {"covered_lines": 0, "num_statements": 0, "percent_covered": 100.0, "percent_covered_display": "100", "missing_lines": 0, "excluded_lines": 0, "percent_statements_covered": 100.0, "percent_statements_covered_display": "100"}, "missing_lines": [], "excluded_lines": [], "start_line": 17}, "CompetencyBase": {"executed_lines": [], "summary": {"covered_lines": 0, "num_statements": 0, "percent_covered": 100.0, "percent_covered_display": "100", "missing_lines": 0, "excluded_lines": 0, "percent_statements_covered": 100.0, "percent_statements_covered_display": "100"}, "missing_lines": [], "excluded_lines": [], "start_line": 25}, "CompetencyCreate": {"executed_lines": [], "summary": {"covered_lines": 0, "num_statements": 0, "percent_covered": 100.0, "percent_covered_display": "100", "missing_lines": 0, "excluded_lines": 0, "percent_statements_covered": 100.0, "percent_statements_covered_display": "100"}, "missing_lines": [], "excluded_lines": [], "start_line": 39}, "CompetencyUpdate": {"executed_lines": [], "summary": {"covered_lines": 0, "num_statements": 0, "percent_covered": 100.0, "percent_covered_display": "100", "missing_lines": 0, "excluded_lines": 0, "percent_statements_covered": 100.0, "percent_statements_covered_display": "100"}, "missing_lines": [], "excluded_lines": [], "start_line": 44}, "CompetencyResponse": {"executed_lines": [], "summary": {"covered_lines": 0, "num_statements": 0, "percent_covered": 100.0, "percent_covered_display": "100", "missing_lines": 0, "excluded_lines": 0, "percent_statements_covered": 100.0, "percent_statements_covered_display": "100"}, "missing_lines": [], "excluded_lines": [], "start_line": 55}, "CompetencyResponse.Config": {"executed_lines": [], "summary": {"covered_lines": 0, "num_statements": 0, "percent_covered": 100.0, "percent_covered_display": "100", "missing_lines": 0, "excluded_lines": 0, "percent_statements_covered": 100.0, "percent_statements_covered_display": "100"}, "missing_lines": [], "excluded_lines": [], "start_line": 64}, "CompetencyListResponse": {"executed_lines": [], "summary": {"covered_lines": 0, "num_statements": 0, "percent_covered": 100.0, "percent_covered_display": "100", "missing_lines": 0, "excluded_lines": 0, "percent_statements_covered": 100.0, "percent_statements_covered_display": "100"}, "missing_lines": [], "excluded_lines": [], "start_line": 68}, "": {"executed_lines": [], "summary": {"covered_lines": 0, "num_statements": 40, "percent_covered": 0.0, "percent_covered_display": "0", "missing_lines": 40, "excluded_lines": 0, "percent_statements_covered": 0.0, "percent_statements_covered_display": "0"}, "missing_lines": [4, 5, 6, 7, 10, 12, 13, 14, 17, 19, 20, 21, 22, 25, 27, 28, 29, 30, 31, 32, 33, 34, 35, 36, 39, 41, 44, 46, 47, 48, 49, 50, 51, 52, 55, 59, 60, 64, 65, 68], "excluded_lines": [], "start_line": 1}}}, "src/schemas/evidence.py": {"executed_lines": [], "summary": {"covered_lines": 0, "num_statements": 47, "percent_covered": 0.0, "percent_covered_display": "0", "missing_lines": 47, "excluded_lines": 0, "percent_statements_covered": 0.0, "percent_statements_covered_display": "0"}, "missing_lines": [4, 5, 6, 7, 10, 12, 13, 14, 15, 16, 17, 18, 19, 22, 24, 25, 26, 27, 28, 29, 30, 31, 32, 33, 34, 35, 36, 37, 38, 39, 42, 44, 47, 49, 50, 51, 52, 53, 54, 57, 61, 62, 63, 64, 68, 69, 72], "excluded_lines": [], "functions": {"": {"executed_lines": [], "summary": {"covered_lines": 0, "num_statements": 47, "percent_covered": 0.0, "percent_covered_display": "0", "missing_lines": 47, "excluded_lines": 0, "percent_statements_covered": 0.0, "percent_statements_covered_display": "0"}, "missing_lines": [4, 5, 6, 7, 10, 12, 13, 14, 15, 16, 17, 18, 19, 22, 24, 25, 26, 27, 28, 29, 30, 31, 32, 33, 34, 35, 36, 37, 38, 39, 42, 44, 47, 49, 50, 51, 52, 53, 54, 57, 61, 62, 63, 64, 68, 69, 72], "excluded_lines": [], "start_line": 1}}, "classes": {"EvidenceTypeEnum": {"executed_lines": [], "summary": {"covered_lines": 0, "num_statements": 0, "percent_covered": 100.0, "percent_covered_display": "100", "missing_lines": 0, "excluded_lines": 0, "percent_statements_covered": 100.0, "percent_statements_covered_display": "100"}, "missing_lines": [], "excluded_lines": [], "start_line": 10}, "EvidenceBase": {"executed_lines": [], "summary": {"covered_lines": 0, "num_statements": 0, "percent_covered": 100.0, "percent_covered_display": "100", "missing_lines": 0, "excluded_lines": 0, "percent_statements_covered": 100.0, "percent_statements_covered_display": "100"}, "missing_lines": [], "excluded_lines": [], "start_line": 22}, "EvidenceCreate": {"executed_lines": [], "summary": {"covered_lines": 0, "num_statements": 0, "percent_covered": 100.0, "percent_covered_display": "100", "missing_lines": 0, "excluded_lines": 0, "percent_statements_covered": 100.0, "percent_statements_covered_display": "100"}, "missing_lines": [], "excluded_lines": [], "start_line": 42}, "EvidenceUpdate": {"executed_lines": [], "summary": {"covered_lines": 0, "num_statements": 0, "percent_covered": 100.0, "percent_covered_display": "100", "missing_lines": 0, "excluded_lines": 0, "percent_statements_covered": 100.0, "percent_statements_covered_display": "100"}, "missing_lines": [], "excluded_lines": [], "start_line": 47}, "EvidenceResponse": {"executed_lines": [], "summary": {"covered_lines": 0, "num_statements": 0, "percent_covered": 100.0, "percent_covered_display": "100", "missing_lines": 0, "excluded_lines": 0, "percent_statements_covered": 100.0, "percent_statements_covered_display": "100"}, "missing_lines": [], "excluded_lines": [], "start_line": 57}, "EvidenceResponse.Config": {"executed_lines": [], "summary": {"covered_lines": 0, "num_statements": 0, "percent_covered": 100.0, "percent_covered_display": "100", "missing_lines": 0, "excluded_lines": 0, "percent_statements_covered": 100.0, "percent_statements_covered_display": "100"}, "missing_lines": [], "excluded_lines": [], "start_line": 68}, "EvidenceListResponse": {"executed_lines": [], "summary": {"covered_lines": 0, "num_statements": 0, "percent_covered": 100.0, "percent_covered_display": "100", "missing_lines": 0, "excluded_lines": 0, "percent_statements_covered": 100.0, "percent_statements_covered_display": "100"}, "missing_lines": [], "excluded_lines": [], "start_line": 72}, "": {"executed_lines": [], "summary": {"covered_lines": 0, "num_statements": 47, "percent_covered": 0.0, "percent_covered_display": "0", "missing_lines": 47, "excluded_lines": 0, "percent_statements_covered": 0.0, "percent_statements_covered_display": "0"}, "missing_lines": [4, 5, 6, 7, 10, 12, 13, 14, 15, 16, 17, 18, 19, 22, 24, 25, 26, 27, 28, 29, 30, 31, 32, 33, 34, 35, 36, 37, 38, 39, 42, 44, 47, 49, 50, 51, 52, 53, 54, 57, 61, 62, 63, 64, 68, 69, 72], "excluded_lines": [], "start_line": 1}}}, "src/schemas/identity.py": {"executed_lines": [], "summary": {"covered_lines": 0, "num_statements": 25, "percent_covered": 0.0, "percent_covered_display": "0", "missing_lines": 25, "excluded_lines": 0, "percent_statements_covered": 0.0, "percent_statements_covered_display": "0"}, "missing_lines": [4, 5, 6, 9, 11, 12, 13, 14, 15, 16, 17, 18, 19, 20, 21, 22, 23, 24, 27, 29, 32, 34, 37, 44, 45], "excluded_lines": [], "functions": {"": {"executed_lines": [], "summary": {"covered_lines": 0, "num_statements": 25, "percent_covered": 0.0, "percent_covered_display": "0", "missing_lines": 25, "excluded_lines": 0, "percent_statements_covered": 0.0, "percent_statements_covered_display": "0"}, "missing_lines": [4, 5, 6, 9, 11, 12, 13, 14, 15, 16, 17, 18, 19, 20, 21, 22, 23, 24, 27, 29, 32, 34, 37, 44, 45], "excluded_lines": [], "start_line": 1}}, "classes": {"IdentityBase": {"executed_lines": [], "summary": {"covered_lines": 0, "num_statements": 0, "percent_covered": 100.0, "percent_covered_display": "100", "missing_lines": 0, "excluded_lines": 0, "percent_statements_covered": 100.0, "percent_statements_covered_display": "100"}, "missing_lines": [], "excluded_lines": [], "start_line": 9}, "IdentityCreate": {"executed_lines": [], "summary": {"covered_lines": 0, "num_statements": 0, "percent_covered": 100.0, "percent_covered_display": "100", "missing_lines": 0, "excluded_lines": 0, "percent_statements_covered": 100.0, "percent_statements_covered_display": "100"}, "missing_lines": [], "excluded_lines": [], "start_line": 27}, "IdentityUpdate": {"executed_lines": [], "summary": {"covered_lines": 0, "num_statements": 0, "percent_covered": 100.0, "percent_covered_display": "100", "missing_lines": 0, "excluded_lines": 0, "percent_statements_covered": 100.0, "percent_statements_covered_display": "100"}, "missing_lines": [], "excluded_lines": [], "start_line": 32}, "IdentityResponse": {"executed_lines": [], "summary": {"covered_lines": 0, "num_statements": 0, "percent_covered": 100.0, "percent_covered_display": "100", "missing_lines": 0, "excluded_lines": 0, "percent_statements_covered": 100.0, "percent_statements_covered_display": "100"}, "missing_lines": [], "excluded_lines": [], "start_line": 37}, "IdentityResponse.Config": {"executed_lines": [], "summary": {"covered_lines": 0, "num_statements": 0, "percent_covered": 100.0, "percent_covered_display": "100", "missing_lines": 0, "excluded_lines": 0, "percent_statements_covered": 100.0, "percent_statements_covered_display": "100"}, "missing_lines": [], "excluded_lines": [], "start_line": 44}, "": {"executed_lines": [], "summary": {"covered_lines": 0, "num_statements": 25, "percent_covered": 0.0, "percent_covered_display": "0", "missing_lines": 25, "excluded_lines": 0, "percent_statements_covered": 0.0, "percent_statements_covered_display": "0"}, "missing_lines": [4, 5, 6, 9, 11, 12, 13, 14, 15, 16, 17, 18, 19, 20, 21, 22, 23, 24, 27, 29, 32, 34, 37, 44, 45], "excluded_lines": [], "start_line": 1}}}, "src/schemas/user.py": {"executed_lines": [5, 6, 7, 14, 16, 17, 18, 19, 20, 21, 28, 30, 33, 35, 36, 37, 38, 41, 48, 50, 51, 54, 56, 57, 58, 65, 67, 68, 71, 73, 74, 75, 76, 77, 80, 82, 85, 87, 88, 89, 92, 94, 101, 103, 104, 106, 107, 108, 115, 117, 124, 127], "summary": {"covered_lines": 52, "num_statements": 55, "percent_covered": 94.54545454545455, "percent_covered_display": "95", "missing_lines": 3, "excluded_lines": 0, "percent_statements_covered": 94.54545454545455, "percent_statements_covered_display": "95"}, "missing_lines": [110, 111, 112], "excluded_lines": [], "functions": {"PasswordChangeRequest.new_password_must_differ": {"executed_lines": [], "summary": {"covered_lines": 0, "num_statements": 3, "percent_covered": 0.0, "percent_covered_display": "0", "missing_lines": 3, "excluded_lines": 0, "percent_statements_covered": 0.0, "percent_statements_covered_display": "0"}, "missing_lines": [110, 111, 112], "excluded_lines": [], "start_line": 108}, "": {"executed_lines": [5, 6, 7, 14, 16, 17, 18, 19, 20, 21, 28, 30, 33, 35, 36, 37, 38, 41, 48, 50, 51, 54, 56, 57, 58, 65, 67, 68, 71, 73, 74, 75, 76, 77, 80, 82, 85, 87, 88, 89, 92, 94, 101, 103, 104, 106, 107, 108, 115, 117, 124, 127], "summary": {"covered_lines": 52, "num_statements": 52, "percent_covered": 100.0, "percent_covered_display": "100", "missing_lines": 0, "excluded_lines": 0, "percent_statements_covered": 100.0, "percent_statements_covered_display": "100"}, "missing_lines": [], "excluded_lines": [], "start_line": 1}}, "classes": {"UserBase": {"executed_lines": [], "summary": {"covered_lines": 0, "num_statements": 0, "percent_covered": 100.0, "percent_covered_display": "100", "missing_lines": 0, "excluded_lines": 0, "percent_statements_covered": 100.0, "percent_statements_covered_display": "100"}, "missing_lines": [], "excluded_lines": [], "start_line": 14}, "UserCreate": {"executed_lines": [], "summary": {"covered_lines": 0, "num_statements": 0, "percent_covered": 100.0, "percent_covered_display": "100", "missing_lines": 0, "excluded_lines": 0, "percent_statements_covered": 100.0, "percent_statements_covered_display": "100"}, "missing_lines": [], "excluded_lines": [], "start_line": 28}, "UserUpdate": {"executed_lines": [], "summary": {"covered_lines": 0, "num_statements": 0, "percent_covered": 100.0, "percent_covered_display": "100", "missing_lines": 0, "excluded_lines": 0, "percent_statements_covered": 100.0, "percent_statements_covered_display": "100"}, "missing_lines": [], "excluded_lines": [], "start_line": 33}, "UserResponse": {"executed_lines": [], "summary": {"covered_lines": 0, "num_statements": 0, "percent_covered": 100.0, "percent_covered_display": "100", "missing_lines": 0, "excluded_lines": 0, "percent_statements_covered": 100.0, "percent_statements_covered_display": "100"}, "missing_lines": [], "excluded_lines": [], "start_line": 41}, "UserResponse.Config": {"executed_lines": [], "summary": {"covered_lines": 0, "num_statements": 0, "percent_covered": 100.0, "percent_covered_display": "100", "missing_lines": 0, "excluded_lines": 0, "percent_statements_covered": 100.0, "percent_statements_covered_display": "100"}, "missing_lines": [], "excluded_lines": [], "start_line": 50}, "UserProfileResponse": {"executed_lines": [], "summary": {"covered_lines": 0, "num_statements": 0, "percent_covered": 100.0, "percent_covered_display": "100", "missing_lines": 0, "excluded_lines": 0, "percent_statements_covered": 100.0, "percent_statements_covered_display": "100"}, "missing_lines": [], "excluded_lines": [], "start_line": 54}, "LoginRequest": {"executed_lines": [], "summary": {"covered_lines": 0, "num_statements": 0, "percent_covered": 100.0, "percent_covered_display": "100", "missing_lines": 0, "excluded_lines": 0, "percent_statements_covered": 100.0, "percent_statements_covered_display": "100"}, "missing_lines": [], "excluded_lines": [], "start_line": 65}, "LoginResponse": {"executed_lines": [], "summary": {"covered_lines": 0, "num_statements": 0, "percent_covered": 100.0, "percent_covered_display": "100", "missing_lines": 0, "excluded_lines": 0, "percent_statements_covered": 100.0, "percent_statements_covered_display": "100"}, "missing_lines": [], "excluded_lines": [], "start_line": 71}, "TokenRefreshRequest": {"executed_lines": [], "summary": {"covered_lines": 0, "num_statements": 0, "percent_covered": 100.0, "percent_covered_display": "100", "missing_lines": 0, "excluded_lines": 0, "percent_statements_covered": 100.0, "percent_statements_covered_display": "100"}, "missing_lines": [], "excluded_lines": [], "start_line": 80}, "TokenRefreshResponse": {"executed_lines": [], "summary": {"covered_lines": 0, "num_statements": 0, "percent_covered": 100.0, "percent_covered_display": "100", "missing_lines": 0, "excluded_lines": 0, "percent_statements_covered": 100.0, "percent_statements_covered_display": "100"}, "missing_lines": [], "excluded_lines": [], "start_line": 85}, "LogoutResponse": {"executed_lines": [], "summary": {"covered_lines": 0, "num_statements": 0, "percent_covered": 100.0, "percent_covered_display": "100", "missing_lines": 0, "excluded_lines": 0, "percent_statements_covered": 100.0, "percent_statements_covered_display": "100"}, "missing_lines": [], "excluded_lines": [], "start_line": 92}, "PasswordChangeRequest": {"executed_lines": [], "summary": {"covered_lines": 0, "num_statements": 3, "percent_covered": 0.0, "percent_covered_display": "0", "missing_lines": 3, "excluded_lines": 0, "percent_statements_covered": 0.0, "percent_statements_covered_display": "0"}, "missing_lines": [110, 111, 112], "excluded_lines": [], "start_line": 101}, "PasswordResetRequest": {"executed_lines": [], "summary": {"covered_lines": 0, "num_statements": 0, "percent_covered": 100.0, "percent_covered_display": "100", "missing_lines": 0, "excluded_lines": 0, "percent_statements_covered": 100.0, "percent_statements_covered_display": "100"}, "missing_lines": [], "excluded_lines": [], "start_line": 115}, "TokenResponse": {"executed_lines": [], "summary": {"covered_lines": 0, "num_statements": 0, "percent_covered": 100.0, "percent_covered_display": "100", "missing_lines": 0, "excluded_lines": 0, "percent_statements_covered": 100.0, "percent_statements_covered_display": "100"}, "missing_lines": [], "excluded_lines": [], "start_line": 124}, "": {"executed_lines": [5, 6, 7, 14, 16, 17, 18, 19, 20, 21, 28, 30, 33, 35, 36, 37, 38, 41, 48, 50, 51, 54, 56, 57, 58, 65, 67, 68, 71, 73, 74, 75, 76, 77, 80, 82, 85, 87, 88, 89, 92, 94, 101, 103, 104, 106, 107, 108, 115, 117, 124, 127], "summary": {"covered_lines": 52, "num_statements": 52, "percent_covered": 100.0, "percent_covered_display": "100", "missing_lines": 0, "excluded_lines": 0, "percent_statements_covered": 100.0, "percent_statements_covered_display": "100"}, "missing_lines": [], "excluded_lines": [], "start_line": 1}}}, "src/services/__init__.py": {"executed_lines": [], "summary": {"covered_lines": 0, "num_statements": 0, "percent_covered": 100.0, "percent_covered_display": "100", "missing_lines": 0, "excluded_lines": 0, "percent_statements_covered": 100.0, "percent_statements_covered_display": "100"}, "missing_lines": [], "excluded_lines": [], "functions": {"": {"executed_lines": [], "summary": {"covered_lines": 0, "num_statements": 0, "percent_covered": 100.0, "percent_covered_display": "100", "missing_lines": 0, "excluded_lines": 0, "percent_statements_covered": 100.0, "percent_statements_covered_display": "100"}, "missing_lines": [], "excluded_lines": [], "start_line": 1}}, "classes": {"": {"executed_lines": [], "summary": {"covered_lines": 0, "num_statements": 0, "percent_covered": 100.0, "percent_covered_display": "100", "missing_lines": 0, "excluded_lines": 0, "percent_statements_covered": 100.0, "percent_statements_covered_display": "100"}, "missing_lines": [], "excluded_lines": [], "start_line": 1}}}, "src/services/auth_service.py": {"executed_lines": [5, 6, 7, 8, 9, 10, 12, 15, 18, 23, 24, 34, 36, 37, 50, 51, 72, 75, 76, 78, 81, 82, 84, 87, 88, 89, 91, 92, 97, 102, 107, 108, 122, 124, 125, 139, 141, 142, 157, 158, 159, 160, 161, 162, 163, 164, 165, 167, 168, 181, 184, 185, 186, 188, 190, 191, 204, 207, 208, 209, 213, 214, 227, 228, 230, 231, 233, 234], "summary": {"covered_lines": 68, "num_statements": 75, "percent_covered": 90.66666666666667, "percent_covered_display": "91", "missing_lines": 7, "excluded_lines": 0, "percent_statements_covered": 90.66666666666667, "percent_statements_covered_display": "91"}, "missing_lines": [48, 103, 104, 105, 211, 235, 236], "excluded_lines": [], "functions": {"AuthService.hash_password": {"executed_lines": [34], "summary": {"covered_lines": 1, "num_statements": 1, "percent_covered": 100.0, "percent_covered_display": "100", "missing_lines": 0, "excluded_lines": 0, "percent_statements_covered": 100.0, "percent_statements_covered_display": "100"}, "missing_lines": [], "excluded_lines": [], "start_line": 24}, "AuthService.verify_password": {"executed_lines": [], "summary": {"covered_lines": 0, "num_statements": 1, "percent_covered": 0.0, "percent_covered_display": "0", "missing_lines": 1, "excluded_lines": 0, "percent_statements_covered": 0.0, "percent_statements_covered_display": "0"}, "missing_lines": [48], "excluded_lines": [], "start_line": 37}, "AuthService._create_token": {"executed_lines": [72, 75, 76, 78, 81, 82, 84, 87, 88, 89, 91, 92, 97, 102], "summary": {"covered_lines": 14, "num_statements": 17, "percent_covered": 82.3529411764706, "percent_covered_display": "82", "missing_lines": 3, "excluded_lines": 0, "percent_statements_covered": 82.3529411764706, "percent_statements_covered_display": "82"}, "missing_lines": [103, 104, 105], "excluded_lines": [], "start_line": 51}, "AuthService.create_access_token": {"executed_lines": [122], "summary": {"covered_lines": 1, "num_statements": 1, "percent_covered": 100.0, "percent_covered_display": "100", "missing_lines": 0, "excluded_lines": 0, "percent_statements_covered": 100.0, "percent_statements_covered_display": "100"}, "missing_lines": [], "excluded_lines": [], "start_line": 108}, "AuthService.create_refresh_token": {"executed_lines": [139], "summary": {"covered_lines": 1, "num_statements": 1, "percent_covered": 100.0, "percent_covered_display": "100", "missing_lines": 0, "excluded_lines": 0, "percent_statements_covered": 100.0, "percent_statements_covered_display": "100"}, "missing_lines": [], "excluded_lines": [], "start_line": 125}, "AuthService.decode_token": {"executed_lines": [157, 158, 159, 160, 161, 162, 163, 164, 165], "summary": {"covered_lines": 9, "num_statements": 9, "percent_covered": 100.0, "percent_covered_display": "100", "missing_lines": 0, "excluded_lines": 0, "percent_statements_covered": 100.0, "percent_statements_covered_display": "100"}, "missing_lines": [], "excluded_lines": [], "start_line": 142}, "AuthService.decode_access_token": {"executed_lines": [181, 184, 185, 186, 188], "summary": {"covered_lines": 5, "num_statements": 5, "percent_covered": 100.0, "percent_covered_display": "100", "missing_lines": 0, "excluded_lines": 0, "percent_statements_covered": 100.0, "percent_statements_covered_display": "100"}, "missing_lines": [], "excluded_lines": [], "start_line": 168}, "AuthService.decode_refresh_token": {"executed_lines": [204, 207, 208, 209], "summary": {"covered_lines": 4, "num_statements": 5, "percent_covered": 80.0, "percent_covered_display": "80", "missing_lines": 1, "excluded_lines": 0, "percent_statements_covered": 80.0, "percent_statements_covered_display": "80"}, "missing_lines": [211], "excluded_lines": [], "start_line": 191}, "AuthService.extract_user_id_from_token": {"executed_lines": [227, 228, 230, 231, 233, 234], "summary": {"covered_lines": 6, "num_statements": 8, "percent_covered": 75.0, "percent_covered_display": "75", "missing_lines": 2, "excluded_lines": 0, "percent_statements_covered": 75.0, "percent_statements_covered_display": "75"}, "missing_lines": [235, 236], "excluded_lines": [], "start_line": 214}, "": {"executed_lines": [5, 6, 7, 8, 9, 10, 12, 15, 18, 23, 24, 36, 37, 50, 51, 107, 108, 124, 125, 141, 142, 167, 168, 190, 191, 213, 214], "summary": {"covered_lines": 27, "num_statements": 27, "percent_covered": 100.0, "percent_covered_display": "100", "missing_lines": 0, "excluded_lines": 0, "percent_statements_covered": 100.0, "percent_statements_covered_display": "100"}, "missing_lines": [], "excluded_lines": [], "start_line": 1}}, "classes": {"AuthService": {"executed_lines": [34, 72, 75, 76, 78, 81, 82, 84, 87, 88, 89, 91, 92, 97, 102, 122, 139, 157, 158, 159, 160, 161, 162, 163, 164, 165, 181, 184, 185, 186, 188, 204, 207, 208, 209, 227, 228, 230, 231, 233, 234], "summary": {"covered_lines": 41, "num_statements": 48, "percent_covered": 85.41666666666667, "percent_covered_display": "85", "missing_lines": 7, "excluded_lines": 0, "percent_statements_covered": 85.41666666666667, "percent_statements_covered_display": "85"}, "missing_lines": [48, 103, 104, 105, 211, 235, 236], "excluded_lines": [], "start_line": 18}, "": {"executed_lines": [5, 6, 7, 8, 9, 10, 12, 15, 18, 23, 24, 36, 37, 50, 51, 107, 108, 124, 125, 141, 142, 167, 168, 190, 191, 213, 214], "summary": {"covered_lines": 27, "num_statements": 27, "percent_covered": 100.0, "percent_covered_display": "100", "missing_lines": 0, "excluded_lines": 0, "percent_statements_covered": 100.0, "percent_statements_covered_display": "100"}, "missing_lines": [], "excluded_lines": [], "start_line": 1}}}, "src/utils/__init__.py": {"executed_lines": [], "summary": {"covered_lines": 0, "num_statements": 0, "percent_covered": 100.0, "percent_covered_display": "100", "missing_lines": 0, "excluded_lines": 0, "percent_statements_covered": 100.0, "percent_statements_covered_display": "100"}, "missing_lines": [], "excluded_lines": [], "functions": {"": {"executed_lines": [], "summary": {"covered_lines": 0, "num_statements": 0, "percent_covered": 100.0, "percent_covered_display": "100", "missing_lines": 0, "excluded_lines": 0, "percent_statements_covered": 100.0, "percent_statements_covered_display": "100"}, "missing_lines": [], "excluded_lines": [], "start_line": 1}}, "classes": {"": {"executed_lines": [], "summary": {"covered_lines": 0, "num_statements": 0, "percent_covered": 100.0, "percent_covered_display": "100", "missing_lines": 0, "excluded_lines": 0, "percent_statements_covered": 100.0, "percent_statements_covered_display": "100"}, "missing_lines": [], "excluded_lines": [], "start_line": 1}}}, "src/utils/constants.py": {"executed_lines": [8, 9, 14, 19, 20, 25, 26, 31, 32, 37, 42, 43, 44, 45, 46, 47, 49], "summary": {"covered_lines": 17, "num_statements": 17, "percent_covered": 100.0, "percent_covered_display": "100", "missing_lines": 0, "excluded_lines": 0, "percent_statements_covered": 100.0, "percent_statements_covered_display": "100"}, "missing_lines": [], "excluded_lines": [], "functions": {"": {"executed_lines": [8, 9, 14, 19, 20, 25, 26, 31, 32, 37, 42, 43, 44, 45, 46, 47, 49], "summary": {"covered_lines": 17, "num_statements": 17, "percent_covered": 100.0, "percent_covered_display": "100", "missing_lines": 0, "excluded_lines": 0, "percent_statements_covered": 100.0, "percent_statements_covered_display": "100"}, "missing_lines": [], "excluded_lines": [], "start_line": 1}}, "classes": {"": {"executed_lines": [8, 9, 14, 19, 20, 25, 26, 31, 32, 37, 42, 43, 44, 45, 46, 47, 49], "summary": {"covered_lines": 17, "num_statements": 17, "percent_covered": 100.0, "percent_covered_display": "100", "missing_lines": 0, "excluded_lines": 0, "percent_statements_covered": 100.0, "percent_statements_covered_display": "100"}, "missing_lines": [], "excluded_lines": [], "start_line": 1}}}}, "totals": {"covered_lines": 931, "num_statements": 1187, "percent_covered": 78.43302443133952, "percent_covered_display": "78", "missing_lines": 256, "excluded_lines": 0, "percent_statements_covered": 78.43302443133952, "percent_statements_covered_display": "78"}}